<?xml version="1.0" encoding="UTF-8"?>
<robot generator="Robot 5.0.1 (Python 3.10.5 on darwin)" generated="20220722 19:41:40.548" rpa="false" schemaversion="3">
<suite id="s1" name="TC16" source="/Users/tusharys/Desktop/robot1/demo3/TC16.robot">
<test id="s1-t1" name="Open browser with proxy" line="17">
<for flavor="IN RANGE">
<var>${index}</var>
<value>2</value>
<iter>
<var name="${index}">0</var>
<kw name="Evaluate" library="BuiltIn">
<var>${f}</var>
<arg>${index}*10</arg>
<doc>Evaluates the given expression in Python and returns the result.</doc>
<msg timestamp="20220722 19:41:41.162" level="INFO">${f} = 0</msg>
<status status="PASS" starttime="20220722 19:41:41.162" endtime="20220722 19:41:41.162"/>
</kw>
<kw name="Evaluate" library="BuiltIn">
<var>${t}</var>
<arg>${f}+10</arg>
<doc>Evaluates the given expression in Python and returns the result.</doc>
<msg timestamp="20220722 19:41:41.162" level="INFO">${t} = 10</msg>
<status status="PASS" starttime="20220722 19:41:41.162" endtime="20220722 19:41:41.163"/>
</kw>
<for flavor="IN">
<var>${user}</var>
<value>@{users}[${f}:${t}]</value>
<iter>
<var name="${user}">['auto@nithin.com', 'Admin@123']</var>
<kw name="Log To Console" library="BuiltIn">
<arg>${user}</arg>
<doc>Logs the given message to the console.</doc>
<status status="PASS" starttime="20220722 19:41:41.163" endtime="20220722 19:41:41.163"/>
</kw>
<kw name="Evaluate" library="BuiltIn">
<var>${caps}</var>
<arg>sys.modules['selenium.webdriver'].DesiredCapabilities.CHROME</arg>
<arg>sys, selenium.webdriver</arg>
<doc>Evaluates the given expression in Python and returns the result.</doc>
<msg timestamp="20220722 19:41:41.163" level="INFO">${caps} = {'browserName': 'chrome'}</msg>
<status status="PASS" starttime="20220722 19:41:41.163" endtime="20220722 19:41:41.163"/>
</kw>
<kw name="Create Dictionary" library="BuiltIn">
<var>${proxy}</var>
<arg>proxyType=MANUAL</arg>
<arg>sslProxy=${ip_port}</arg>
<arg>httpProxy=${ip_port}</arg>
<doc>Creates and returns a dictionary based on the given ``items``.</doc>
<msg timestamp="20220722 19:41:41.163" level="INFO">${proxy} = {'proxyType': 'MANUAL', 'sslProxy': '10.66.103.62:50000', 'httpProxy': '10.66.103.62:50000'}</msg>
<status status="PASS" starttime="20220722 19:41:41.163" endtime="20220722 19:41:41.163"/>
</kw>
<kw name="Set To Dictionary" library="Collections">
<arg>${caps}</arg>
<arg>proxy=${proxy}</arg>
<doc>Adds the given ``key_value_pairs`` and ``items`` to the ``dictionary``.</doc>
<status status="PASS" starttime="20220722 19:41:41.163" endtime="20220722 19:41:41.163"/>
</kw>
<kw name="Open Browser" library="SeleniumLibrary">
<arg>https://ip.zscaler.com</arg>
<arg>browser=Chrome</arg>
<arg>desired_capabilities=${caps}</arg>
<arg>options=add_argument("--ignore-certificate-errors")</arg>
<doc>Opens a new browser instance to the optional ``url``.</doc>
<msg timestamp="20220722 19:41:41.164" level="INFO">Opening browser 'Chrome' to base url 'https://ip.zscaler.com'.</msg>
<status status="PASS" starttime="20220722 19:41:41.163" endtime="20220722 19:41:46.851"/>
</kw>
<kw name="Maximize Browser Window" library="SeleniumLibrary">
<doc>Maximizes current browser window.</doc>
<status status="PASS" starttime="20220722 19:41:46.852" endtime="20220722 19:41:46.970"/>
</kw>
<kw name="Input Text" library="SeleniumLibrary">
<arg>xpath://*[@id="username_input"]</arg>
<arg>${user}[0]</arg>
<doc>Types the given ``text`` into the text field identified by ``locator``.</doc>
<msg timestamp="20220722 19:41:46.970" level="INFO">Typing text 'auto@nithin.com' into text field 'xpath://*[@id="username_input"]'.</msg>
<status status="PASS" starttime="20220722 19:41:46.970" endtime="20220722 19:41:47.021"/>
</kw>
<kw name="Click Element" library="SeleniumLibrary">
<arg>xpath:/html/body/div/div/div/form/table[2]/tbody/tr/td/table[1]/tbody/tr[5]/td/table/tbody/tr/td[1]/input</arg>
<doc>Click the element identified by ``locator``.</doc>
<msg timestamp="20220722 19:41:47.021" level="INFO">Clicking element 'xpath:/html/body/div/div/div/form/table[2]/tbody/tr/td/table[1]/tbody/tr[5]/td/table/tbody/tr/td[1]/input'.</msg>
<status status="PASS" starttime="20220722 19:41:47.021" endtime="20220722 19:41:48.879"/>
</kw>
<kw name="Input Text" library="SeleniumLibrary">
<arg>xpath:/html/body/div/div/form/table[2]/tbody/tr/td/table[1]/tbody/tr[2]/td/table/tbody/tr[1]/td/div[2]/table[2]/tbody/tr/td/div/input</arg>
<arg>${user}[1]</arg>
<doc>Types the given ``text`` into the text field identified by ``locator``.</doc>
<msg timestamp="20220722 19:41:48.879" level="INFO">Typing text 'Admin@123' into text field 'xpath:/html/body/div/div/form/table[2]/tbody/tr/td/table[1]/tbody/tr[2]/td/table/tbody/tr[1]/td/div[2]/table[2]/tbody/tr/td/div/input'.</msg>
<status status="PASS" starttime="20220722 19:41:48.879" endtime="20220722 19:41:48.920"/>
</kw>
<kw name="Click Element" library="SeleniumLibrary">
<arg>xpath:/html/body/div/div/form/table[2]/tbody/tr/td/table[1]/tbody/tr[3]/td/input</arg>
<doc>Click the element identified by ``locator``.</doc>
<msg timestamp="20220722 19:41:48.920" level="INFO">Clicking element 'xpath:/html/body/div/div/form/table[2]/tbody/tr/td/table[1]/tbody/tr[3]/td/input'.</msg>
<status status="PASS" starttime="20220722 19:41:48.920" endtime="20220722 19:42:02.632"/>
</kw>
<kw name="Sleep" library="BuiltIn">
<arg>2</arg>
<doc>Pauses the test executed for the given time.</doc>
<msg timestamp="20220722 19:42:04.635" level="INFO">Slept 2 seconds</msg>
<status status="PASS" starttime="20220722 19:42:02.632" endtime="20220722 19:42:04.635"/>
</kw>
<kw name="Evaluate" library="BuiltIn">
<var>${from}</var>
<arg>${counter}*${per_user}</arg>
<doc>Evaluates the given expression in Python and returns the result.</doc>
<msg timestamp="20220722 19:42:04.637" level="INFO">${from} = 0</msg>
<status status="PASS" starttime="20220722 19:42:04.636" endtime="20220722 19:42:04.637"/>
</kw>
<kw name="Evaluate" library="BuiltIn">
<var>${to}</var>
<arg>${counter}*${per_user}+${per_user}</arg>
<doc>Evaluates the given expression in Python and returns the result.</doc>
<msg timestamp="20220722 19:42:04.638" level="INFO">${to} = 0</msg>
<status status="PASS" starttime="20220722 19:42:04.637" endtime="20220722 19:42:04.638"/>
</kw>
<status status="PASS" starttime="20220722 19:41:41.163" endtime="20220722 19:42:04.638"/>
</iter>
<iter>
<var name="${user}">['ww31@nithin.com', 'Admin@123']</var>
<kw name="Log To Console" library="BuiltIn">
<arg>${user}</arg>
<doc>Logs the given message to the console.</doc>
<status status="PASS" starttime="20220722 19:42:04.639" endtime="20220722 19:42:04.639"/>
</kw>
<kw name="Evaluate" library="BuiltIn">
<var>${caps}</var>
<arg>sys.modules['selenium.webdriver'].DesiredCapabilities.CHROME</arg>
<arg>sys, selenium.webdriver</arg>
<doc>Evaluates the given expression in Python and returns the result.</doc>
<msg timestamp="20220722 19:42:04.640" level="INFO">${caps} = {'browserName': 'chrome', 'proxy': {'proxyType': 'MANUAL', 'sslProxy': '10.66.103.62:50000', 'httpProxy': '10.66.103.62:50000'}}</msg>
<status status="PASS" starttime="20220722 19:42:04.640" endtime="20220722 19:42:04.640"/>
</kw>
<kw name="Create Dictionary" library="BuiltIn">
<var>${proxy}</var>
<arg>proxyType=MANUAL</arg>
<arg>sslProxy=${ip_port}</arg>
<arg>httpProxy=${ip_port}</arg>
<doc>Creates and returns a dictionary based on the given ``items``.</doc>
<msg timestamp="20220722 19:42:04.641" level="INFO">${proxy} = {'proxyType': 'MANUAL', 'sslProxy': '10.66.103.62:50000', 'httpProxy': '10.66.103.62:50000'}</msg>
<status status="PASS" starttime="20220722 19:42:04.640" endtime="20220722 19:42:04.641"/>
</kw>
<kw name="Set To Dictionary" library="Collections">
<arg>${caps}</arg>
<arg>proxy=${proxy}</arg>
<doc>Adds the given ``key_value_pairs`` and ``items`` to the ``dictionary``.</doc>
<status status="PASS" starttime="20220722 19:42:04.641" endtime="20220722 19:42:04.641"/>
</kw>
<kw name="Open Browser" library="SeleniumLibrary">
<arg>https://ip.zscaler.com</arg>
<arg>browser=Chrome</arg>
<arg>desired_capabilities=${caps}</arg>
<arg>options=add_argument("--ignore-certificate-errors")</arg>
<doc>Opens a new browser instance to the optional ``url``.</doc>
<msg timestamp="20220722 19:42:04.642" level="INFO">Opening browser 'Chrome' to base url 'https://ip.zscaler.com'.</msg>
<status status="PASS" starttime="20220722 19:42:04.641" endtime="20220722 19:42:10.252"/>
</kw>
<kw name="Maximize Browser Window" library="SeleniumLibrary">
<doc>Maximizes current browser window.</doc>
<status status="PASS" starttime="20220722 19:42:10.252" endtime="20220722 19:42:10.372"/>
</kw>
<kw name="Input Text" library="SeleniumLibrary">
<arg>xpath://*[@id="username_input"]</arg>
<arg>${user}[0]</arg>
<doc>Types the given ``text`` into the text field identified by ``locator``.</doc>
<msg timestamp="20220722 19:42:10.373" level="INFO">Typing text 'ww31@nithin.com' into text field 'xpath://*[@id="username_input"]'.</msg>
<status status="PASS" starttime="20220722 19:42:10.373" endtime="20220722 19:42:10.423"/>
</kw>
<kw name="Click Element" library="SeleniumLibrary">
<arg>xpath:/html/body/div/div/div/form/table[2]/tbody/tr/td/table[1]/tbody/tr[5]/td/table/tbody/tr/td[1]/input</arg>
<doc>Click the element identified by ``locator``.</doc>
<msg timestamp="20220722 19:42:10.423" level="INFO">Clicking element 'xpath:/html/body/div/div/div/form/table[2]/tbody/tr/td/table[1]/tbody/tr[5]/td/table/tbody/tr/td[1]/input'.</msg>
<status status="PASS" starttime="20220722 19:42:10.423" endtime="20220722 19:42:12.411"/>
</kw>
<kw name="Input Text" library="SeleniumLibrary">
<arg>xpath:/html/body/div/div/form/table[2]/tbody/tr/td/table[1]/tbody/tr[2]/td/table/tbody/tr[1]/td/div[2]/table[2]/tbody/tr/td/div/input</arg>
<arg>${user}[1]</arg>
<doc>Types the given ``text`` into the text field identified by ``locator``.</doc>
<msg timestamp="20220722 19:42:12.412" level="INFO">Typing text 'Admin@123' into text field 'xpath:/html/body/div/div/form/table[2]/tbody/tr/td/table[1]/tbody/tr[2]/td/table/tbody/tr[1]/td/div[2]/table[2]/tbody/tr/td/div/input'.</msg>
<status status="PASS" starttime="20220722 19:42:12.411" endtime="20220722 19:42:12.449"/>
</kw>
<kw name="Click Element" library="SeleniumLibrary">
<arg>xpath:/html/body/div/div/form/table[2]/tbody/tr/td/table[1]/tbody/tr[3]/td/input</arg>
<doc>Click the element identified by ``locator``.</doc>
<msg timestamp="20220722 19:42:12.449" level="INFO">Clicking element 'xpath:/html/body/div/div/form/table[2]/tbody/tr/td/table[1]/tbody/tr[3]/td/input'.</msg>
<status status="PASS" starttime="20220722 19:42:12.449" endtime="20220722 19:42:25.199"/>
</kw>
<kw name="Sleep" library="BuiltIn">
<arg>2</arg>
<doc>Pauses the test executed for the given time.</doc>
<msg timestamp="20220722 19:42:27.200" level="INFO">Slept 2 seconds</msg>
<status status="PASS" starttime="20220722 19:42:25.199" endtime="20220722 19:42:27.201"/>
</kw>
<kw name="Evaluate" library="BuiltIn">
<var>${from}</var>
<arg>${counter}*${per_user}</arg>
<doc>Evaluates the given expression in Python and returns the result.</doc>
<msg timestamp="20220722 19:42:27.203" level="INFO">${from} = 0</msg>
<status status="PASS" starttime="20220722 19:42:27.201" endtime="20220722 19:42:27.203"/>
</kw>
<kw name="Evaluate" library="BuiltIn">
<var>${to}</var>
<arg>${counter}*${per_user}+${per_user}</arg>
<doc>Evaluates the given expression in Python and returns the result.</doc>
<msg timestamp="20220722 19:42:27.205" level="INFO">${to} = 0</msg>
<status status="PASS" starttime="20220722 19:42:27.203" endtime="20220722 19:42:27.205"/>
</kw>
<status status="PASS" starttime="20220722 19:42:04.639" endtime="20220722 19:42:27.205"/>
</iter>
<iter>
<var name="${user}">['ww8@nithin.com', 'Admin@123']</var>
<kw name="Log To Console" library="BuiltIn">
<arg>${user}</arg>
<doc>Logs the given message to the console.</doc>
<status status="PASS" starttime="20220722 19:42:27.205" endtime="20220722 19:42:27.206"/>
</kw>
<kw name="Evaluate" library="BuiltIn">
<var>${caps}</var>
<arg>sys.modules['selenium.webdriver'].DesiredCapabilities.CHROME</arg>
<arg>sys, selenium.webdriver</arg>
<doc>Evaluates the given expression in Python and returns the result.</doc>
<msg timestamp="20220722 19:42:27.206" level="INFO">${caps} = {'browserName': 'chrome', 'proxy': {'proxyType': 'MANUAL', 'sslProxy': '10.66.103.62:50000', 'httpProxy': '10.66.103.62:50000'}}</msg>
<status status="PASS" starttime="20220722 19:42:27.206" endtime="20220722 19:42:27.206"/>
</kw>
<kw name="Create Dictionary" library="BuiltIn">
<var>${proxy}</var>
<arg>proxyType=MANUAL</arg>
<arg>sslProxy=${ip_port}</arg>
<arg>httpProxy=${ip_port}</arg>
<doc>Creates and returns a dictionary based on the given ``items``.</doc>
<msg timestamp="20220722 19:42:27.207" level="INFO">${proxy} = {'proxyType': 'MANUAL', 'sslProxy': '10.66.103.62:50000', 'httpProxy': '10.66.103.62:50000'}</msg>
<status status="PASS" starttime="20220722 19:42:27.206" endtime="20220722 19:42:27.207"/>
</kw>
<kw name="Set To Dictionary" library="Collections">
<arg>${caps}</arg>
<arg>proxy=${proxy}</arg>
<doc>Adds the given ``key_value_pairs`` and ``items`` to the ``dictionary``.</doc>
<status status="PASS" starttime="20220722 19:42:27.207" endtime="20220722 19:42:27.207"/>
</kw>
<kw name="Open Browser" library="SeleniumLibrary">
<arg>https://ip.zscaler.com</arg>
<arg>browser=Chrome</arg>
<arg>desired_capabilities=${caps}</arg>
<arg>options=add_argument("--ignore-certificate-errors")</arg>
<doc>Opens a new browser instance to the optional ``url``.</doc>
<msg timestamp="20220722 19:42:27.208" level="INFO">Opening browser 'Chrome' to base url 'https://ip.zscaler.com'.</msg>
<status status="PASS" starttime="20220722 19:42:27.207" endtime="20220722 19:42:32.502"/>
</kw>
<kw name="Maximize Browser Window" library="SeleniumLibrary">
<doc>Maximizes current browser window.</doc>
<status status="PASS" starttime="20220722 19:42:32.503" endtime="20220722 19:42:32.625"/>
</kw>
<kw name="Input Text" library="SeleniumLibrary">
<arg>xpath://*[@id="username_input"]</arg>
<arg>${user}[0]</arg>
<doc>Types the given ``text`` into the text field identified by ``locator``.</doc>
<msg timestamp="20220722 19:42:32.626" level="INFO">Typing text 'ww8@nithin.com' into text field 'xpath://*[@id="username_input"]'.</msg>
<status status="PASS" starttime="20220722 19:42:32.625" endtime="20220722 19:42:32.676"/>
</kw>
<kw name="Click Element" library="SeleniumLibrary">
<arg>xpath:/html/body/div/div/div/form/table[2]/tbody/tr/td/table[1]/tbody/tr[5]/td/table/tbody/tr/td[1]/input</arg>
<doc>Click the element identified by ``locator``.</doc>
<msg timestamp="20220722 19:42:32.676" level="INFO">Clicking element 'xpath:/html/body/div/div/div/form/table[2]/tbody/tr/td/table[1]/tbody/tr[5]/td/table/tbody/tr/td[1]/input'.</msg>
<status status="PASS" starttime="20220722 19:42:32.676" endtime="20220722 19:42:34.512"/>
</kw>
<kw name="Input Text" library="SeleniumLibrary">
<arg>xpath:/html/body/div/div/form/table[2]/tbody/tr/td/table[1]/tbody/tr[2]/td/table/tbody/tr[1]/td/div[2]/table[2]/tbody/tr/td/div/input</arg>
<arg>${user}[1]</arg>
<doc>Types the given ``text`` into the text field identified by ``locator``.</doc>
<msg timestamp="20220722 19:42:34.513" level="INFO">Typing text 'Admin@123' into text field 'xpath:/html/body/div/div/form/table[2]/tbody/tr/td/table[1]/tbody/tr[2]/td/table/tbody/tr[1]/td/div[2]/table[2]/tbody/tr/td/div/input'.</msg>
<status status="PASS" starttime="20220722 19:42:34.513" endtime="20220722 19:42:34.550"/>
</kw>
<kw name="Click Element" library="SeleniumLibrary">
<arg>xpath:/html/body/div/div/form/table[2]/tbody/tr/td/table[1]/tbody/tr[3]/td/input</arg>
<doc>Click the element identified by ``locator``.</doc>
<msg timestamp="20220722 19:42:34.550" level="INFO">Clicking element 'xpath:/html/body/div/div/form/table[2]/tbody/tr/td/table[1]/tbody/tr[3]/td/input'.</msg>
<status status="PASS" starttime="20220722 19:42:34.550" endtime="20220722 19:42:52.134"/>
</kw>
<kw name="Sleep" library="BuiltIn">
<arg>2</arg>
<doc>Pauses the test executed for the given time.</doc>
<msg timestamp="20220722 19:42:54.135" level="INFO">Slept 2 seconds</msg>
<status status="PASS" starttime="20220722 19:42:52.134" endtime="20220722 19:42:54.136"/>
</kw>
<kw name="Evaluate" library="BuiltIn">
<var>${from}</var>
<arg>${counter}*${per_user}</arg>
<doc>Evaluates the given expression in Python and returns the result.</doc>
<msg timestamp="20220722 19:42:54.138" level="INFO">${from} = 0</msg>
<status status="PASS" starttime="20220722 19:42:54.137" endtime="20220722 19:42:54.138"/>
</kw>
<kw name="Evaluate" library="BuiltIn">
<var>${to}</var>
<arg>${counter}*${per_user}+${per_user}</arg>
<doc>Evaluates the given expression in Python and returns the result.</doc>
<msg timestamp="20220722 19:42:54.139" level="INFO">${to} = 0</msg>
<status status="PASS" starttime="20220722 19:42:54.138" endtime="20220722 19:42:54.139"/>
</kw>
<status status="PASS" starttime="20220722 19:42:27.205" endtime="20220722 19:42:54.139"/>
</iter>
<iter>
<var name="${user}">['nozcc@nithin.com', 'Admin@123']</var>
<kw name="Log To Console" library="BuiltIn">
<arg>${user}</arg>
<doc>Logs the given message to the console.</doc>
<status status="PASS" starttime="20220722 19:42:54.139" endtime="20220722 19:42:54.140"/>
</kw>
<kw name="Evaluate" library="BuiltIn">
<var>${caps}</var>
<arg>sys.modules['selenium.webdriver'].DesiredCapabilities.CHROME</arg>
<arg>sys, selenium.webdriver</arg>
<doc>Evaluates the given expression in Python and returns the result.</doc>
<msg timestamp="20220722 19:42:54.140" level="INFO">${caps} = {'browserName': 'chrome', 'proxy': {'proxyType': 'MANUAL', 'sslProxy': '10.66.103.62:50000', 'httpProxy': '10.66.103.62:50000'}}</msg>
<status status="PASS" starttime="20220722 19:42:54.140" endtime="20220722 19:42:54.140"/>
</kw>
<kw name="Create Dictionary" library="BuiltIn">
<var>${proxy}</var>
<arg>proxyType=MANUAL</arg>
<arg>sslProxy=${ip_port}</arg>
<arg>httpProxy=${ip_port}</arg>
<doc>Creates and returns a dictionary based on the given ``items``.</doc>
<msg timestamp="20220722 19:42:54.141" level="INFO">${proxy} = {'proxyType': 'MANUAL', 'sslProxy': '10.66.103.62:50000', 'httpProxy': '10.66.103.62:50000'}</msg>
<status status="PASS" starttime="20220722 19:42:54.140" endtime="20220722 19:42:54.141"/>
</kw>
<kw name="Set To Dictionary" library="Collections">
<arg>${caps}</arg>
<arg>proxy=${proxy}</arg>
<doc>Adds the given ``key_value_pairs`` and ``items`` to the ``dictionary``.</doc>
<status status="PASS" starttime="20220722 19:42:54.141" endtime="20220722 19:42:54.141"/>
</kw>
<kw name="Open Browser" library="SeleniumLibrary">
<arg>https://ip.zscaler.com</arg>
<arg>browser=Chrome</arg>
<arg>desired_capabilities=${caps}</arg>
<arg>options=add_argument("--ignore-certificate-errors")</arg>
<doc>Opens a new browser instance to the optional ``url``.</doc>
<msg timestamp="20220722 19:42:54.144" level="INFO">Opening browser 'Chrome' to base url 'https://ip.zscaler.com'.</msg>
<status status="PASS" starttime="20220722 19:42:54.141" endtime="20220722 19:42:59.268"/>
</kw>
<kw name="Maximize Browser Window" library="SeleniumLibrary">
<doc>Maximizes current browser window.</doc>
<status status="PASS" starttime="20220722 19:42:59.268" endtime="20220722 19:42:59.385"/>
</kw>
<kw name="Input Text" library="SeleniumLibrary">
<arg>xpath://*[@id="username_input"]</arg>
<arg>${user}[0]</arg>
<doc>Types the given ``text`` into the text field identified by ``locator``.</doc>
<msg timestamp="20220722 19:42:59.386" level="INFO">Typing text 'nozcc@nithin.com' into text field 'xpath://*[@id="username_input"]'.</msg>
<status status="PASS" starttime="20220722 19:42:59.385" endtime="20220722 19:42:59.436"/>
</kw>
<kw name="Click Element" library="SeleniumLibrary">
<arg>xpath:/html/body/div/div/div/form/table[2]/tbody/tr/td/table[1]/tbody/tr[5]/td/table/tbody/tr/td[1]/input</arg>
<doc>Click the element identified by ``locator``.</doc>
<msg timestamp="20220722 19:42:59.436" level="INFO">Clicking element 'xpath:/html/body/div/div/div/form/table[2]/tbody/tr/td/table[1]/tbody/tr[5]/td/table/tbody/tr/td[1]/input'.</msg>
<status status="PASS" starttime="20220722 19:42:59.436" endtime="20220722 19:43:01.511"/>
</kw>
<kw name="Input Text" library="SeleniumLibrary">
<arg>xpath:/html/body/div/div/form/table[2]/tbody/tr/td/table[1]/tbody/tr[2]/td/table/tbody/tr[1]/td/div[2]/table[2]/tbody/tr/td/div/input</arg>
<arg>${user}[1]</arg>
<doc>Types the given ``text`` into the text field identified by ``locator``.</doc>
<msg timestamp="20220722 19:43:01.512" level="INFO">Typing text 'Admin@123' into text field 'xpath:/html/body/div/div/form/table[2]/tbody/tr/td/table[1]/tbody/tr[2]/td/table/tbody/tr[1]/td/div[2]/table[2]/tbody/tr/td/div/input'.</msg>
<status status="PASS" starttime="20220722 19:43:01.511" endtime="20220722 19:43:01.547"/>
</kw>
<kw name="Click Element" library="SeleniumLibrary">
<arg>xpath:/html/body/div/div/form/table[2]/tbody/tr/td/table[1]/tbody/tr[3]/td/input</arg>
<doc>Click the element identified by ``locator``.</doc>
<msg timestamp="20220722 19:43:01.547" level="INFO">Clicking element 'xpath:/html/body/div/div/form/table[2]/tbody/tr/td/table[1]/tbody/tr[3]/td/input'.</msg>
<status status="PASS" starttime="20220722 19:43:01.547" endtime="20220722 19:43:17.799"/>
</kw>
<kw name="Sleep" library="BuiltIn">
<arg>2</arg>
<doc>Pauses the test executed for the given time.</doc>
<msg timestamp="20220722 19:43:19.800" level="INFO">Slept 2 seconds</msg>
<status status="PASS" starttime="20220722 19:43:17.799" endtime="20220722 19:43:19.801"/>
</kw>
<kw name="Evaluate" library="BuiltIn">
<var>${from}</var>
<arg>${counter}*${per_user}</arg>
<doc>Evaluates the given expression in Python and returns the result.</doc>
<msg timestamp="20220722 19:43:19.803" level="INFO">${from} = 0</msg>
<status status="PASS" starttime="20220722 19:43:19.802" endtime="20220722 19:43:19.803"/>
</kw>
<kw name="Evaluate" library="BuiltIn">
<var>${to}</var>
<arg>${counter}*${per_user}+${per_user}</arg>
<doc>Evaluates the given expression in Python and returns the result.</doc>
<msg timestamp="20220722 19:43:19.804" level="INFO">${to} = 0</msg>
<status status="PASS" starttime="20220722 19:43:19.803" endtime="20220722 19:43:19.804"/>
</kw>
<status status="PASS" starttime="20220722 19:42:54.139" endtime="20220722 19:43:19.804"/>
</iter>
<iter>
<var name="${user}">['ww18@nithin.com', 'Admin@123']</var>
<kw name="Log To Console" library="BuiltIn">
<arg>${user}</arg>
<doc>Logs the given message to the console.</doc>
<status status="PASS" starttime="20220722 19:43:19.805" endtime="20220722 19:43:19.806"/>
</kw>
<kw name="Evaluate" library="BuiltIn">
<var>${caps}</var>
<arg>sys.modules['selenium.webdriver'].DesiredCapabilities.CHROME</arg>
<arg>sys, selenium.webdriver</arg>
<doc>Evaluates the given expression in Python and returns the result.</doc>
<msg timestamp="20220722 19:43:19.806" level="INFO">${caps} = {'browserName': 'chrome', 'proxy': {'proxyType': 'MANUAL', 'sslProxy': '10.66.103.62:50000', 'httpProxy': '10.66.103.62:50000'}}</msg>
<status status="PASS" starttime="20220722 19:43:19.806" endtime="20220722 19:43:19.806"/>
</kw>
<kw name="Create Dictionary" library="BuiltIn">
<var>${proxy}</var>
<arg>proxyType=MANUAL</arg>
<arg>sslProxy=${ip_port}</arg>
<arg>httpProxy=${ip_port}</arg>
<doc>Creates and returns a dictionary based on the given ``items``.</doc>
<msg timestamp="20220722 19:43:19.807" level="INFO">${proxy} = {'proxyType': 'MANUAL', 'sslProxy': '10.66.103.62:50000', 'httpProxy': '10.66.103.62:50000'}</msg>
<status status="PASS" starttime="20220722 19:43:19.807" endtime="20220722 19:43:19.807"/>
</kw>
<kw name="Set To Dictionary" library="Collections">
<arg>${caps}</arg>
<arg>proxy=${proxy}</arg>
<doc>Adds the given ``key_value_pairs`` and ``items`` to the ``dictionary``.</doc>
<status status="PASS" starttime="20220722 19:43:19.807" endtime="20220722 19:43:19.808"/>
</kw>
<kw name="Open Browser" library="SeleniumLibrary">
<arg>https://ip.zscaler.com</arg>
<arg>browser=Chrome</arg>
<arg>desired_capabilities=${caps}</arg>
<arg>options=add_argument("--ignore-certificate-errors")</arg>
<doc>Opens a new browser instance to the optional ``url``.</doc>
<msg timestamp="20220722 19:43:19.808" level="INFO">Opening browser 'Chrome' to base url 'https://ip.zscaler.com'.</msg>
<status status="PASS" starttime="20220722 19:43:19.808" endtime="20220722 19:43:25.192"/>
</kw>
<kw name="Maximize Browser Window" library="SeleniumLibrary">
<doc>Maximizes current browser window.</doc>
<status status="PASS" starttime="20220722 19:43:25.192" endtime="20220722 19:43:25.313"/>
</kw>
<kw name="Input Text" library="SeleniumLibrary">
<arg>xpath://*[@id="username_input"]</arg>
<arg>${user}[0]</arg>
<doc>Types the given ``text`` into the text field identified by ``locator``.</doc>
<msg timestamp="20220722 19:43:25.313" level="INFO">Typing text 'ww18@nithin.com' into text field 'xpath://*[@id="username_input"]'.</msg>
<status status="PASS" starttime="20220722 19:43:25.313" endtime="20220722 19:43:25.364"/>
</kw>
<kw name="Click Element" library="SeleniumLibrary">
<arg>xpath:/html/body/div/div/div/form/table[2]/tbody/tr/td/table[1]/tbody/tr[5]/td/table/tbody/tr/td[1]/input</arg>
<doc>Click the element identified by ``locator``.</doc>
<msg timestamp="20220722 19:43:25.364" level="INFO">Clicking element 'xpath:/html/body/div/div/div/form/table[2]/tbody/tr/td/table[1]/tbody/tr[5]/td/table/tbody/tr/td[1]/input'.</msg>
<status status="PASS" starttime="20220722 19:43:25.364" endtime="20220722 19:43:27.470"/>
</kw>
<kw name="Input Text" library="SeleniumLibrary">
<arg>xpath:/html/body/div/div/form/table[2]/tbody/tr/td/table[1]/tbody/tr[2]/td/table/tbody/tr[1]/td/div[2]/table[2]/tbody/tr/td/div/input</arg>
<arg>${user}[1]</arg>
<doc>Types the given ``text`` into the text field identified by ``locator``.</doc>
<msg timestamp="20220722 19:43:27.471" level="INFO">Typing text 'Admin@123' into text field 'xpath:/html/body/div/div/form/table[2]/tbody/tr/td/table[1]/tbody/tr[2]/td/table/tbody/tr[1]/td/div[2]/table[2]/tbody/tr/td/div/input'.</msg>
<status status="PASS" starttime="20220722 19:43:27.470" endtime="20220722 19:43:27.509"/>
</kw>
<kw name="Click Element" library="SeleniumLibrary">
<arg>xpath:/html/body/div/div/form/table[2]/tbody/tr/td/table[1]/tbody/tr[3]/td/input</arg>
<doc>Click the element identified by ``locator``.</doc>
<msg timestamp="20220722 19:43:27.510" level="INFO">Clicking element 'xpath:/html/body/div/div/form/table[2]/tbody/tr/td/table[1]/tbody/tr[3]/td/input'.</msg>
<status status="PASS" starttime="20220722 19:43:27.509" endtime="20220722 19:43:38.045"/>
</kw>
<kw name="Sleep" library="BuiltIn">
<arg>2</arg>
<doc>Pauses the test executed for the given time.</doc>
<msg timestamp="20220722 19:43:40.047" level="INFO">Slept 2 seconds</msg>
<status status="PASS" starttime="20220722 19:43:38.045" endtime="20220722 19:43:40.047"/>
</kw>
<kw name="Evaluate" library="BuiltIn">
<var>${from}</var>
<arg>${counter}*${per_user}</arg>
<doc>Evaluates the given expression in Python and returns the result.</doc>
<msg timestamp="20220722 19:43:40.049" level="INFO">${from} = 0</msg>
<status status="PASS" starttime="20220722 19:43:40.048" endtime="20220722 19:43:40.049"/>
</kw>
<kw name="Evaluate" library="BuiltIn">
<var>${to}</var>
<arg>${counter}*${per_user}+${per_user}</arg>
<doc>Evaluates the given expression in Python and returns the result.</doc>
<msg timestamp="20220722 19:43:40.050" level="INFO">${to} = 0</msg>
<status status="PASS" starttime="20220722 19:43:40.049" endtime="20220722 19:43:40.050"/>
</kw>
<status status="PASS" starttime="20220722 19:43:19.805" endtime="20220722 19:43:40.050"/>
</iter>
<iter>
<var name="${user}">['tttt@nithin.com', 'Admin@123']</var>
<kw name="Log To Console" library="BuiltIn">
<arg>${user}</arg>
<doc>Logs the given message to the console.</doc>
<status status="PASS" starttime="20220722 19:43:40.051" endtime="20220722 19:43:40.051"/>
</kw>
<kw name="Evaluate" library="BuiltIn">
<var>${caps}</var>
<arg>sys.modules['selenium.webdriver'].DesiredCapabilities.CHROME</arg>
<arg>sys, selenium.webdriver</arg>
<doc>Evaluates the given expression in Python and returns the result.</doc>
<msg timestamp="20220722 19:43:40.052" level="INFO">${caps} = {'browserName': 'chrome', 'proxy': {'proxyType': 'MANUAL', 'sslProxy': '10.66.103.62:50000', 'httpProxy': '10.66.103.62:50000'}}</msg>
<status status="PASS" starttime="20220722 19:43:40.051" endtime="20220722 19:43:40.052"/>
</kw>
<kw name="Create Dictionary" library="BuiltIn">
<var>${proxy}</var>
<arg>proxyType=MANUAL</arg>
<arg>sslProxy=${ip_port}</arg>
<arg>httpProxy=${ip_port}</arg>
<doc>Creates and returns a dictionary based on the given ``items``.</doc>
<msg timestamp="20220722 19:43:40.052" level="INFO">${proxy} = {'proxyType': 'MANUAL', 'sslProxy': '10.66.103.62:50000', 'httpProxy': '10.66.103.62:50000'}</msg>
<status status="PASS" starttime="20220722 19:43:40.052" endtime="20220722 19:43:40.053"/>
</kw>
<kw name="Set To Dictionary" library="Collections">
<arg>${caps}</arg>
<arg>proxy=${proxy}</arg>
<doc>Adds the given ``key_value_pairs`` and ``items`` to the ``dictionary``.</doc>
<status status="PASS" starttime="20220722 19:43:40.053" endtime="20220722 19:43:40.053"/>
</kw>
<kw name="Open Browser" library="SeleniumLibrary">
<arg>https://ip.zscaler.com</arg>
<arg>browser=Chrome</arg>
<arg>desired_capabilities=${caps}</arg>
<arg>options=add_argument("--ignore-certificate-errors")</arg>
<doc>Opens a new browser instance to the optional ``url``.</doc>
<msg timestamp="20220722 19:43:40.054" level="INFO">Opening browser 'Chrome' to base url 'https://ip.zscaler.com'.</msg>
<status status="PASS" starttime="20220722 19:43:40.053" endtime="20220722 19:43:45.775"/>
</kw>
<kw name="Maximize Browser Window" library="SeleniumLibrary">
<doc>Maximizes current browser window.</doc>
<status status="PASS" starttime="20220722 19:43:45.775" endtime="20220722 19:43:45.890"/>
</kw>
<kw name="Input Text" library="SeleniumLibrary">
<arg>xpath://*[@id="username_input"]</arg>
<arg>${user}[0]</arg>
<doc>Types the given ``text`` into the text field identified by ``locator``.</doc>
<msg timestamp="20220722 19:43:45.890" level="INFO">Typing text 'tttt@nithin.com' into text field 'xpath://*[@id="username_input"]'.</msg>
<status status="PASS" starttime="20220722 19:43:45.890" endtime="20220722 19:43:45.952"/>
</kw>
<kw name="Click Element" library="SeleniumLibrary">
<arg>xpath:/html/body/div/div/div/form/table[2]/tbody/tr/td/table[1]/tbody/tr[5]/td/table/tbody/tr/td[1]/input</arg>
<doc>Click the element identified by ``locator``.</doc>
<msg timestamp="20220722 19:43:45.953" level="INFO">Clicking element 'xpath:/html/body/div/div/div/form/table[2]/tbody/tr/td/table[1]/tbody/tr[5]/td/table/tbody/tr/td[1]/input'.</msg>
<status status="PASS" starttime="20220722 19:43:45.952" endtime="20220722 19:43:47.683"/>
</kw>
<kw name="Input Text" library="SeleniumLibrary">
<arg>xpath:/html/body/div/div/form/table[2]/tbody/tr/td/table[1]/tbody/tr[2]/td/table/tbody/tr[1]/td/div[2]/table[2]/tbody/tr/td/div/input</arg>
<arg>${user}[1]</arg>
<doc>Types the given ``text`` into the text field identified by ``locator``.</doc>
<msg timestamp="20220722 19:43:47.683" level="INFO">Typing text 'Admin@123' into text field 'xpath:/html/body/div/div/form/table[2]/tbody/tr/td/table[1]/tbody/tr[2]/td/table/tbody/tr[1]/td/div[2]/table[2]/tbody/tr/td/div/input'.</msg>
<status status="PASS" starttime="20220722 19:43:47.683" endtime="20220722 19:43:47.731"/>
</kw>
<kw name="Click Element" library="SeleniumLibrary">
<arg>xpath:/html/body/div/div/form/table[2]/tbody/tr/td/table[1]/tbody/tr[3]/td/input</arg>
<doc>Click the element identified by ``locator``.</doc>
<msg timestamp="20220722 19:43:47.732" level="INFO">Clicking element 'xpath:/html/body/div/div/form/table[2]/tbody/tr/td/table[1]/tbody/tr[3]/td/input'.</msg>
<status status="PASS" starttime="20220722 19:43:47.732" endtime="20220722 19:43:49.793"/>
</kw>
<kw name="Sleep" library="BuiltIn">
<arg>2</arg>
<doc>Pauses the test executed for the given time.</doc>
<msg timestamp="20220722 19:43:51.795" level="INFO">Slept 2 seconds</msg>
<status status="PASS" starttime="20220722 19:43:49.793" endtime="20220722 19:43:51.796"/>
</kw>
<kw name="Evaluate" library="BuiltIn">
<var>${from}</var>
<arg>${counter}*${per_user}</arg>
<doc>Evaluates the given expression in Python and returns the result.</doc>
<msg timestamp="20220722 19:43:51.798" level="INFO">${from} = 0</msg>
<status status="PASS" starttime="20220722 19:43:51.796" endtime="20220722 19:43:51.798"/>
</kw>
<kw name="Evaluate" library="BuiltIn">
<var>${to}</var>
<arg>${counter}*${per_user}+${per_user}</arg>
<doc>Evaluates the given expression in Python and returns the result.</doc>
<msg timestamp="20220722 19:43:51.807" level="INFO">${to} = 0</msg>
<status status="PASS" starttime="20220722 19:43:51.798" endtime="20220722 19:43:51.807"/>
</kw>
<status status="PASS" starttime="20220722 19:43:40.050" endtime="20220722 19:43:51.808"/>
</iter>
<iter>
<var name="${user}">['admin@nithin.com', 'Admin@123']</var>
<kw name="Log To Console" library="BuiltIn">
<arg>${user}</arg>
<doc>Logs the given message to the console.</doc>
<status status="PASS" starttime="20220722 19:43:51.808" endtime="20220722 19:43:51.809"/>
</kw>
<kw name="Evaluate" library="BuiltIn">
<var>${caps}</var>
<arg>sys.modules['selenium.webdriver'].DesiredCapabilities.CHROME</arg>
<arg>sys, selenium.webdriver</arg>
<doc>Evaluates the given expression in Python and returns the result.</doc>
<msg timestamp="20220722 19:43:51.809" level="INFO">${caps} = {'browserName': 'chrome', 'proxy': {'proxyType': 'MANUAL', 'sslProxy': '10.66.103.62:50000', 'httpProxy': '10.66.103.62:50000'}}</msg>
<status status="PASS" starttime="20220722 19:43:51.809" endtime="20220722 19:43:51.809"/>
</kw>
<kw name="Create Dictionary" library="BuiltIn">
<var>${proxy}</var>
<arg>proxyType=MANUAL</arg>
<arg>sslProxy=${ip_port}</arg>
<arg>httpProxy=${ip_port}</arg>
<doc>Creates and returns a dictionary based on the given ``items``.</doc>
<msg timestamp="20220722 19:43:51.810" level="INFO">${proxy} = {'proxyType': 'MANUAL', 'sslProxy': '10.66.103.62:50000', 'httpProxy': '10.66.103.62:50000'}</msg>
<status status="PASS" starttime="20220722 19:43:51.809" endtime="20220722 19:43:51.810"/>
</kw>
<kw name="Set To Dictionary" library="Collections">
<arg>${caps}</arg>
<arg>proxy=${proxy}</arg>
<doc>Adds the given ``key_value_pairs`` and ``items`` to the ``dictionary``.</doc>
<status status="PASS" starttime="20220722 19:43:51.810" endtime="20220722 19:43:51.811"/>
</kw>
<kw name="Open Browser" library="SeleniumLibrary">
<arg>https://ip.zscaler.com</arg>
<arg>browser=Chrome</arg>
<arg>desired_capabilities=${caps}</arg>
<arg>options=add_argument("--ignore-certificate-errors")</arg>
<doc>Opens a new browser instance to the optional ``url``.</doc>
<msg timestamp="20220722 19:43:51.811" level="INFO">Opening browser 'Chrome' to base url 'https://ip.zscaler.com'.</msg>
<status status="PASS" starttime="20220722 19:43:51.811" endtime="20220722 19:43:57.167"/>
</kw>
<kw name="Maximize Browser Window" library="SeleniumLibrary">
<doc>Maximizes current browser window.</doc>
<status status="PASS" starttime="20220722 19:43:57.167" endtime="20220722 19:43:57.284"/>
</kw>
<kw name="Input Text" library="SeleniumLibrary">
<arg>xpath://*[@id="username_input"]</arg>
<arg>${user}[0]</arg>
<doc>Types the given ``text`` into the text field identified by ``locator``.</doc>
<msg timestamp="20220722 19:43:57.284" level="INFO">Typing text 'admin@nithin.com' into text field 'xpath://*[@id="username_input"]'.</msg>
<status status="PASS" starttime="20220722 19:43:57.284" endtime="20220722 19:43:57.339"/>
</kw>
<kw name="Click Element" library="SeleniumLibrary">
<arg>xpath:/html/body/div/div/div/form/table[2]/tbody/tr/td/table[1]/tbody/tr[5]/td/table/tbody/tr/td[1]/input</arg>
<doc>Click the element identified by ``locator``.</doc>
<msg timestamp="20220722 19:43:57.340" level="INFO">Clicking element 'xpath:/html/body/div/div/div/form/table[2]/tbody/tr/td/table[1]/tbody/tr[5]/td/table/tbody/tr/td[1]/input'.</msg>
<status status="PASS" starttime="20220722 19:43:57.340" endtime="20220722 19:43:59.065"/>
</kw>
<kw name="Input Text" library="SeleniumLibrary">
<arg>xpath:/html/body/div/div/form/table[2]/tbody/tr/td/table[1]/tbody/tr[2]/td/table/tbody/tr[1]/td/div[2]/table[2]/tbody/tr/td/div/input</arg>
<arg>${user}[1]</arg>
<doc>Types the given ``text`` into the text field identified by ``locator``.</doc>
<msg timestamp="20220722 19:43:59.065" level="INFO">Typing text 'Admin@123' into text field 'xpath:/html/body/div/div/form/table[2]/tbody/tr/td/table[1]/tbody/tr[2]/td/table/tbody/tr[1]/td/div[2]/table[2]/tbody/tr/td/div/input'.</msg>
<status status="PASS" starttime="20220722 19:43:59.065" endtime="20220722 19:43:59.109"/>
</kw>
<kw name="Click Element" library="SeleniumLibrary">
<arg>xpath:/html/body/div/div/form/table[2]/tbody/tr/td/table[1]/tbody/tr[3]/td/input</arg>
<doc>Click the element identified by ``locator``.</doc>
<msg timestamp="20220722 19:43:59.109" level="INFO">Clicking element 'xpath:/html/body/div/div/form/table[2]/tbody/tr/td/table[1]/tbody/tr[3]/td/input'.</msg>
<status status="PASS" starttime="20220722 19:43:59.109" endtime="20220722 19:44:13.614"/>
</kw>
<kw name="Sleep" library="BuiltIn">
<arg>2</arg>
<doc>Pauses the test executed for the given time.</doc>
<msg timestamp="20220722 19:44:15.616" level="INFO">Slept 2 seconds</msg>
<status status="PASS" starttime="20220722 19:44:13.614" endtime="20220722 19:44:15.617"/>
</kw>
<kw name="Evaluate" library="BuiltIn">
<var>${from}</var>
<arg>${counter}*${per_user}</arg>
<doc>Evaluates the given expression in Python and returns the result.</doc>
<msg timestamp="20220722 19:44:15.619" level="INFO">${from} = 0</msg>
<status status="PASS" starttime="20220722 19:44:15.618" endtime="20220722 19:44:15.619"/>
</kw>
<kw name="Evaluate" library="BuiltIn">
<var>${to}</var>
<arg>${counter}*${per_user}+${per_user}</arg>
<doc>Evaluates the given expression in Python and returns the result.</doc>
<msg timestamp="20220722 19:44:15.620" level="INFO">${to} = 0</msg>
<status status="PASS" starttime="20220722 19:44:15.619" endtime="20220722 19:44:15.620"/>
</kw>
<status status="PASS" starttime="20220722 19:43:51.808" endtime="20220722 19:44:15.620"/>
</iter>
<iter>
<var name="${user}">['rekha.ramakrishnan@nithin.com', 'Admin@123']</var>
<kw name="Log To Console" library="BuiltIn">
<arg>${user}</arg>
<doc>Logs the given message to the console.</doc>
<status status="PASS" starttime="20220722 19:44:15.620" endtime="20220722 19:44:15.621"/>
</kw>
<kw name="Evaluate" library="BuiltIn">
<var>${caps}</var>
<arg>sys.modules['selenium.webdriver'].DesiredCapabilities.CHROME</arg>
<arg>sys, selenium.webdriver</arg>
<doc>Evaluates the given expression in Python and returns the result.</doc>
<msg timestamp="20220722 19:44:15.622" level="INFO">${caps} = {'browserName': 'chrome', 'proxy': {'proxyType': 'MANUAL', 'sslProxy': '10.66.103.62:50000', 'httpProxy': '10.66.103.62:50000'}}</msg>
<status status="PASS" starttime="20220722 19:44:15.621" endtime="20220722 19:44:15.622"/>
</kw>
<kw name="Create Dictionary" library="BuiltIn">
<var>${proxy}</var>
<arg>proxyType=MANUAL</arg>
<arg>sslProxy=${ip_port}</arg>
<arg>httpProxy=${ip_port}</arg>
<doc>Creates and returns a dictionary based on the given ``items``.</doc>
<msg timestamp="20220722 19:44:15.623" level="INFO">${proxy} = {'proxyType': 'MANUAL', 'sslProxy': '10.66.103.62:50000', 'httpProxy': '10.66.103.62:50000'}</msg>
<status status="PASS" starttime="20220722 19:44:15.622" endtime="20220722 19:44:15.623"/>
</kw>
<kw name="Set To Dictionary" library="Collections">
<arg>${caps}</arg>
<arg>proxy=${proxy}</arg>
<doc>Adds the given ``key_value_pairs`` and ``items`` to the ``dictionary``.</doc>
<status status="PASS" starttime="20220722 19:44:15.623" endtime="20220722 19:44:15.623"/>
</kw>
<kw name="Open Browser" library="SeleniumLibrary">
<arg>https://ip.zscaler.com</arg>
<arg>browser=Chrome</arg>
<arg>desired_capabilities=${caps}</arg>
<arg>options=add_argument("--ignore-certificate-errors")</arg>
<doc>Opens a new browser instance to the optional ``url``.</doc>
<msg timestamp="20220722 19:44:15.624" level="INFO">Opening browser 'Chrome' to base url 'https://ip.zscaler.com'.</msg>
<status status="PASS" starttime="20220722 19:44:15.623" endtime="20220722 19:44:20.680"/>
</kw>
<kw name="Maximize Browser Window" library="SeleniumLibrary">
<doc>Maximizes current browser window.</doc>
<status status="PASS" starttime="20220722 19:44:20.681" endtime="20220722 19:44:20.801"/>
</kw>
<kw name="Input Text" library="SeleniumLibrary">
<arg>xpath://*[@id="username_input"]</arg>
<arg>${user}[0]</arg>
<doc>Types the given ``text`` into the text field identified by ``locator``.</doc>
<msg timestamp="20220722 19:44:20.802" level="INFO">Typing text 'rekha.ramakrishnan@nithin.com' into text field 'xpath://*[@id="username_input"]'.</msg>
<status status="PASS" starttime="20220722 19:44:20.801" endtime="20220722 19:44:20.852"/>
</kw>
<kw name="Click Element" library="SeleniumLibrary">
<arg>xpath:/html/body/div/div/div/form/table[2]/tbody/tr/td/table[1]/tbody/tr[5]/td/table/tbody/tr/td[1]/input</arg>
<doc>Click the element identified by ``locator``.</doc>
<msg timestamp="20220722 19:44:20.853" level="INFO">Clicking element 'xpath:/html/body/div/div/div/form/table[2]/tbody/tr/td/table[1]/tbody/tr[5]/td/table/tbody/tr/td[1]/input'.</msg>
<status status="PASS" starttime="20220722 19:44:20.852" endtime="20220722 19:44:22.685"/>
</kw>
<kw name="Input Text" library="SeleniumLibrary">
<arg>xpath:/html/body/div/div/form/table[2]/tbody/tr/td/table[1]/tbody/tr[2]/td/table/tbody/tr[1]/td/div[2]/table[2]/tbody/tr/td/div/input</arg>
<arg>${user}[1]</arg>
<doc>Types the given ``text`` into the text field identified by ``locator``.</doc>
<msg timestamp="20220722 19:44:22.685" level="INFO">Typing text 'Admin@123' into text field 'xpath:/html/body/div/div/form/table[2]/tbody/tr/td/table[1]/tbody/tr[2]/td/table/tbody/tr[1]/td/div[2]/table[2]/tbody/tr/td/div/input'.</msg>
<status status="PASS" starttime="20220722 19:44:22.685" endtime="20220722 19:44:22.728"/>
</kw>
<kw name="Click Element" library="SeleniumLibrary">
<arg>xpath:/html/body/div/div/form/table[2]/tbody/tr/td/table[1]/tbody/tr[3]/td/input</arg>
<doc>Click the element identified by ``locator``.</doc>
<msg timestamp="20220722 19:44:22.729" level="INFO">Clicking element 'xpath:/html/body/div/div/form/table[2]/tbody/tr/td/table[1]/tbody/tr[3]/td/input'.</msg>
<status status="PASS" starttime="20220722 19:44:22.729" endtime="20220722 19:44:32.155"/>
</kw>
<kw name="Sleep" library="BuiltIn">
<arg>2</arg>
<doc>Pauses the test executed for the given time.</doc>
<msg timestamp="20220722 19:44:34.159" level="INFO">Slept 2 seconds</msg>
<status status="PASS" starttime="20220722 19:44:32.155" endtime="20220722 19:44:34.159"/>
</kw>
<kw name="Evaluate" library="BuiltIn">
<var>${from}</var>
<arg>${counter}*${per_user}</arg>
<doc>Evaluates the given expression in Python and returns the result.</doc>
<msg timestamp="20220722 19:44:34.161" level="INFO">${from} = 0</msg>
<status status="PASS" starttime="20220722 19:44:34.160" endtime="20220722 19:44:34.161"/>
</kw>
<kw name="Evaluate" library="BuiltIn">
<var>${to}</var>
<arg>${counter}*${per_user}+${per_user}</arg>
<doc>Evaluates the given expression in Python and returns the result.</doc>
<msg timestamp="20220722 19:44:34.162" level="INFO">${to} = 0</msg>
<status status="PASS" starttime="20220722 19:44:34.161" endtime="20220722 19:44:34.162"/>
</kw>
<status status="PASS" starttime="20220722 19:44:15.620" endtime="20220722 19:44:34.162"/>
</iter>
<iter>
<var name="${user}">['pushkar@nithin.com', 'Admin@123']</var>
<kw name="Log To Console" library="BuiltIn">
<arg>${user}</arg>
<doc>Logs the given message to the console.</doc>
<status status="PASS" starttime="20220722 19:44:34.163" endtime="20220722 19:44:34.163"/>
</kw>
<kw name="Evaluate" library="BuiltIn">
<var>${caps}</var>
<arg>sys.modules['selenium.webdriver'].DesiredCapabilities.CHROME</arg>
<arg>sys, selenium.webdriver</arg>
<doc>Evaluates the given expression in Python and returns the result.</doc>
<msg timestamp="20220722 19:44:34.164" level="INFO">${caps} = {'browserName': 'chrome', 'proxy': {'proxyType': 'MANUAL', 'sslProxy': '10.66.103.62:50000', 'httpProxy': '10.66.103.62:50000'}}</msg>
<status status="PASS" starttime="20220722 19:44:34.163" endtime="20220722 19:44:34.164"/>
</kw>
<kw name="Create Dictionary" library="BuiltIn">
<var>${proxy}</var>
<arg>proxyType=MANUAL</arg>
<arg>sslProxy=${ip_port}</arg>
<arg>httpProxy=${ip_port}</arg>
<doc>Creates and returns a dictionary based on the given ``items``.</doc>
<msg timestamp="20220722 19:44:34.164" level="INFO">${proxy} = {'proxyType': 'MANUAL', 'sslProxy': '10.66.103.62:50000', 'httpProxy': '10.66.103.62:50000'}</msg>
<status status="PASS" starttime="20220722 19:44:34.164" endtime="20220722 19:44:34.165"/>
</kw>
<kw name="Set To Dictionary" library="Collections">
<arg>${caps}</arg>
<arg>proxy=${proxy}</arg>
<doc>Adds the given ``key_value_pairs`` and ``items`` to the ``dictionary``.</doc>
<status status="PASS" starttime="20220722 19:44:34.165" endtime="20220722 19:44:34.165"/>
</kw>
<kw name="Open Browser" library="SeleniumLibrary">
<arg>https://ip.zscaler.com</arg>
<arg>browser=Chrome</arg>
<arg>desired_capabilities=${caps}</arg>
<arg>options=add_argument("--ignore-certificate-errors")</arg>
<doc>Opens a new browser instance to the optional ``url``.</doc>
<msg timestamp="20220722 19:44:34.166" level="INFO">Opening browser 'Chrome' to base url 'https://ip.zscaler.com'.</msg>
<status status="PASS" starttime="20220722 19:44:34.165" endtime="20220722 19:44:39.284"/>
</kw>
<kw name="Maximize Browser Window" library="SeleniumLibrary">
<doc>Maximizes current browser window.</doc>
<status status="PASS" starttime="20220722 19:44:39.284" endtime="20220722 19:44:39.407"/>
</kw>
<kw name="Input Text" library="SeleniumLibrary">
<arg>xpath://*[@id="username_input"]</arg>
<arg>${user}[0]</arg>
<doc>Types the given ``text`` into the text field identified by ``locator``.</doc>
<msg timestamp="20220722 19:44:39.408" level="INFO">Typing text 'pushkar@nithin.com' into text field 'xpath://*[@id="username_input"]'.</msg>
<status status="PASS" starttime="20220722 19:44:39.407" endtime="20220722 19:44:39.455"/>
</kw>
<kw name="Click Element" library="SeleniumLibrary">
<arg>xpath:/html/body/div/div/div/form/table[2]/tbody/tr/td/table[1]/tbody/tr[5]/td/table/tbody/tr/td[1]/input</arg>
<doc>Click the element identified by ``locator``.</doc>
<msg timestamp="20220722 19:44:39.455" level="INFO">Clicking element 'xpath:/html/body/div/div/div/form/table[2]/tbody/tr/td/table[1]/tbody/tr[5]/td/table/tbody/tr/td[1]/input'.</msg>
<status status="PASS" starttime="20220722 19:44:39.455" endtime="20220722 19:44:41.287"/>
</kw>
<kw name="Input Text" library="SeleniumLibrary">
<arg>xpath:/html/body/div/div/form/table[2]/tbody/tr/td/table[1]/tbody/tr[2]/td/table/tbody/tr[1]/td/div[2]/table[2]/tbody/tr/td/div/input</arg>
<arg>${user}[1]</arg>
<doc>Types the given ``text`` into the text field identified by ``locator``.</doc>
<msg timestamp="20220722 19:44:41.287" level="INFO">Typing text 'Admin@123' into text field 'xpath:/html/body/div/div/form/table[2]/tbody/tr/td/table[1]/tbody/tr[2]/td/table/tbody/tr[1]/td/div[2]/table[2]/tbody/tr/td/div/input'.</msg>
<status status="PASS" starttime="20220722 19:44:41.287" endtime="20220722 19:44:41.325"/>
</kw>
<kw name="Click Element" library="SeleniumLibrary">
<arg>xpath:/html/body/div/div/form/table[2]/tbody/tr/td/table[1]/tbody/tr[3]/td/input</arg>
<doc>Click the element identified by ``locator``.</doc>
<msg timestamp="20220722 19:44:41.325" level="INFO">Clicking element 'xpath:/html/body/div/div/form/table[2]/tbody/tr/td/table[1]/tbody/tr[3]/td/input'.</msg>
<status status="PASS" starttime="20220722 19:44:41.325" endtime="20220722 19:44:53.729"/>
</kw>
<kw name="Sleep" library="BuiltIn">
<arg>2</arg>
<doc>Pauses the test executed for the given time.</doc>
<msg timestamp="20220722 19:44:55.730" level="INFO">Slept 2 seconds</msg>
<status status="PASS" starttime="20220722 19:44:53.729" endtime="20220722 19:44:55.731"/>
</kw>
<kw name="Evaluate" library="BuiltIn">
<var>${from}</var>
<arg>${counter}*${per_user}</arg>
<doc>Evaluates the given expression in Python and returns the result.</doc>
<msg timestamp="20220722 19:44:55.733" level="INFO">${from} = 0</msg>
<status status="PASS" starttime="20220722 19:44:55.731" endtime="20220722 19:44:55.733"/>
</kw>
<kw name="Evaluate" library="BuiltIn">
<var>${to}</var>
<arg>${counter}*${per_user}+${per_user}</arg>
<doc>Evaluates the given expression in Python and returns the result.</doc>
<msg timestamp="20220722 19:44:55.734" level="INFO">${to} = 0</msg>
<status status="PASS" starttime="20220722 19:44:55.733" endtime="20220722 19:44:55.734"/>
</kw>
<status status="PASS" starttime="20220722 19:44:34.163" endtime="20220722 19:44:55.735"/>
</iter>
<iter>
<var name="${user}">['policyviewonly@nithin.com', 'Admin@123']</var>
<kw name="Log To Console" library="BuiltIn">
<arg>${user}</arg>
<doc>Logs the given message to the console.</doc>
<status status="PASS" starttime="20220722 19:44:55.735" endtime="20220722 19:44:55.735"/>
</kw>
<kw name="Evaluate" library="BuiltIn">
<var>${caps}</var>
<arg>sys.modules['selenium.webdriver'].DesiredCapabilities.CHROME</arg>
<arg>sys, selenium.webdriver</arg>
<doc>Evaluates the given expression in Python and returns the result.</doc>
<msg timestamp="20220722 19:44:55.736" level="INFO">${caps} = {'browserName': 'chrome', 'proxy': {'proxyType': 'MANUAL', 'sslProxy': '10.66.103.62:50000', 'httpProxy': '10.66.103.62:50000'}}</msg>
<status status="PASS" starttime="20220722 19:44:55.736" endtime="20220722 19:44:55.736"/>
</kw>
<kw name="Create Dictionary" library="BuiltIn">
<var>${proxy}</var>
<arg>proxyType=MANUAL</arg>
<arg>sslProxy=${ip_port}</arg>
<arg>httpProxy=${ip_port}</arg>
<doc>Creates and returns a dictionary based on the given ``items``.</doc>
<msg timestamp="20220722 19:44:55.737" level="INFO">${proxy} = {'proxyType': 'MANUAL', 'sslProxy': '10.66.103.62:50000', 'httpProxy': '10.66.103.62:50000'}</msg>
<status status="PASS" starttime="20220722 19:44:55.736" endtime="20220722 19:44:55.737"/>
</kw>
<kw name="Set To Dictionary" library="Collections">
<arg>${caps}</arg>
<arg>proxy=${proxy}</arg>
<doc>Adds the given ``key_value_pairs`` and ``items`` to the ``dictionary``.</doc>
<status status="PASS" starttime="20220722 19:44:55.737" endtime="20220722 19:44:55.737"/>
</kw>
<kw name="Open Browser" library="SeleniumLibrary">
<arg>https://ip.zscaler.com</arg>
<arg>browser=Chrome</arg>
<arg>desired_capabilities=${caps}</arg>
<arg>options=add_argument("--ignore-certificate-errors")</arg>
<doc>Opens a new browser instance to the optional ``url``.</doc>
<msg timestamp="20220722 19:44:55.738" level="INFO">Opening browser 'Chrome' to base url 'https://ip.zscaler.com'.</msg>
<status status="PASS" starttime="20220722 19:44:55.737" endtime="20220722 19:45:00.870"/>
</kw>
<kw name="Maximize Browser Window" library="SeleniumLibrary">
<doc>Maximizes current browser window.</doc>
<status status="PASS" starttime="20220722 19:45:00.870" endtime="20220722 19:45:00.988"/>
</kw>
<kw name="Input Text" library="SeleniumLibrary">
<arg>xpath://*[@id="username_input"]</arg>
<arg>${user}[0]</arg>
<doc>Types the given ``text`` into the text field identified by ``locator``.</doc>
<msg timestamp="20220722 19:45:00.989" level="INFO">Typing text 'policyviewonly@nithin.com' into text field 'xpath://*[@id="username_input"]'.</msg>
<status status="PASS" starttime="20220722 19:45:00.988" endtime="20220722 19:45:01.040"/>
</kw>
<kw name="Click Element" library="SeleniumLibrary">
<arg>xpath:/html/body/div/div/div/form/table[2]/tbody/tr/td/table[1]/tbody/tr[5]/td/table/tbody/tr/td[1]/input</arg>
<doc>Click the element identified by ``locator``.</doc>
<msg timestamp="20220722 19:45:01.040" level="INFO">Clicking element 'xpath:/html/body/div/div/div/form/table[2]/tbody/tr/td/table[1]/tbody/tr[5]/td/table/tbody/tr/td[1]/input'.</msg>
<status status="PASS" starttime="20220722 19:45:01.040" endtime="20220722 19:45:02.862"/>
</kw>
<kw name="Input Text" library="SeleniumLibrary">
<arg>xpath:/html/body/div/div/form/table[2]/tbody/tr/td/table[1]/tbody/tr[2]/td/table/tbody/tr[1]/td/div[2]/table[2]/tbody/tr/td/div/input</arg>
<arg>${user}[1]</arg>
<doc>Types the given ``text`` into the text field identified by ``locator``.</doc>
<msg timestamp="20220722 19:45:02.862" level="INFO">Typing text 'Admin@123' into text field 'xpath:/html/body/div/div/form/table[2]/tbody/tr/td/table[1]/tbody/tr[2]/td/table/tbody/tr[1]/td/div[2]/table[2]/tbody/tr/td/div/input'.</msg>
<status status="PASS" starttime="20220722 19:45:02.862" endtime="20220722 19:45:02.897"/>
</kw>
<kw name="Click Element" library="SeleniumLibrary">
<arg>xpath:/html/body/div/div/form/table[2]/tbody/tr/td/table[1]/tbody/tr[3]/td/input</arg>
<doc>Click the element identified by ``locator``.</doc>
<msg timestamp="20220722 19:45:02.897" level="INFO">Clicking element 'xpath:/html/body/div/div/form/table[2]/tbody/tr/td/table[1]/tbody/tr[3]/td/input'.</msg>
<status status="PASS" starttime="20220722 19:45:02.897" endtime="20220722 19:45:14.693"/>
</kw>
<kw name="Sleep" library="BuiltIn">
<arg>2</arg>
<doc>Pauses the test executed for the given time.</doc>
<msg timestamp="20220722 19:45:16.696" level="INFO">Slept 2 seconds</msg>
<status status="PASS" starttime="20220722 19:45:14.693" endtime="20220722 19:45:16.697"/>
</kw>
<kw name="Evaluate" library="BuiltIn">
<var>${from}</var>
<arg>${counter}*${per_user}</arg>
<doc>Evaluates the given expression in Python and returns the result.</doc>
<msg timestamp="20220722 19:45:16.699" level="INFO">${from} = 0</msg>
<status status="PASS" starttime="20220722 19:45:16.697" endtime="20220722 19:45:16.699"/>
</kw>
<kw name="Evaluate" library="BuiltIn">
<var>${to}</var>
<arg>${counter}*${per_user}+${per_user}</arg>
<doc>Evaluates the given expression in Python and returns the result.</doc>
<msg timestamp="20220722 19:45:16.700" level="INFO">${to} = 0</msg>
<status status="PASS" starttime="20220722 19:45:16.699" endtime="20220722 19:45:16.700"/>
</kw>
<status status="PASS" starttime="20220722 19:44:55.735" endtime="20220722 19:45:16.700"/>
</iter>
<status status="PASS" starttime="20220722 19:41:41.163" endtime="20220722 19:45:16.700"/>
</for>
<for flavor="IN">
<var>${user}</var>
<value>@{users}[${f}:${t}]</value>
<iter>
<var name="${user}">['auto@nithin.com', 'Admin@123']</var>
<kw name="Evaluate" library="BuiltIn">
<var>${num_browser}</var>
<arg>${counter}+1</arg>
<doc>Evaluates the given expression in Python and returns the result.</doc>
<msg timestamp="20220722 19:45:16.702" level="INFO">${num_browser} = 1</msg>
<status status="PASS" starttime="20220722 19:45:16.701" endtime="20220722 19:45:16.702"/>
</kw>
<kw name="Switch Browser" library="SeleniumLibrary">
<arg>${num_browser}</arg>
<doc>Switches between active browsers using ``index_or_alias``.</doc>
<status status="PASS" starttime="20220722 19:45:16.703" endtime="20220722 19:45:16.703"/>
</kw>
<for flavor="IN">
<var>${website}</var>
<value>@{websites}</value>
<iter>
<var name="${website}">http://www.aibai.cn/</var>
<kw name="Log To Console" library="BuiltIn">
<arg>${website}</arg>
<doc>Logs the given message to the console.</doc>
<status status="PASS" starttime="20220722 19:45:16.703" endtime="20220722 19:45:16.704"/>
</kw>
<kw name="Execute Javascript" library="SeleniumLibrary">
<arg>window.open("${website}")</arg>
<doc>Executes the given JavaScript code with possible arguments.</doc>
<msg timestamp="20220722 19:45:16.705" level="INFO">Executing JavaScript:
window.open("http://www.aibai.cn/")
Without any arguments.</msg>
<status status="PASS" starttime="20220722 19:45:16.704" endtime="20220722 19:45:16.740"/>
</kw>
<status status="PASS" starttime="20220722 19:45:16.703" endtime="20220722 19:45:16.740"/>
</iter>
<iter>
<var name="${website}">http://www.beautyphoto.info/</var>
<kw name="Log To Console" library="BuiltIn">
<arg>${website}</arg>
<doc>Logs the given message to the console.</doc>
<status status="PASS" starttime="20220722 19:45:16.740" endtime="20220722 19:45:16.741"/>
</kw>
<kw name="Execute Javascript" library="SeleniumLibrary">
<arg>window.open("${website}")</arg>
<doc>Executes the given JavaScript code with possible arguments.</doc>
<msg timestamp="20220722 19:45:16.741" level="INFO">Executing JavaScript:
window.open("http://www.beautyphoto.info/")
Without any arguments.</msg>
<status status="PASS" starttime="20220722 19:45:16.741" endtime="20220722 19:45:16.755"/>
</kw>
<status status="PASS" starttime="20220722 19:45:16.740" endtime="20220722 19:45:16.755"/>
</iter>
<iter>
<var name="${website}">http://www.loveadvice.info/</var>
<kw name="Log To Console" library="BuiltIn">
<arg>${website}</arg>
<doc>Logs the given message to the console.</doc>
<status status="PASS" starttime="20220722 19:45:16.755" endtime="20220722 19:45:16.756"/>
</kw>
<kw name="Execute Javascript" library="SeleniumLibrary">
<arg>window.open("${website}")</arg>
<doc>Executes the given JavaScript code with possible arguments.</doc>
<msg timestamp="20220722 19:45:16.756" level="INFO">Executing JavaScript:
window.open("http://www.loveadvice.info/")
Without any arguments.</msg>
<status status="PASS" starttime="20220722 19:45:16.756" endtime="20220722 19:45:16.765"/>
</kw>
<status status="PASS" starttime="20220722 19:45:16.755" endtime="20220722 19:45:16.765"/>
</iter>
<iter>
<var name="${website}">http://www.adultfilmclassics.com/</var>
<kw name="Log To Console" library="BuiltIn">
<arg>${website}</arg>
<doc>Logs the given message to the console.</doc>
<status status="PASS" starttime="20220722 19:45:16.765" endtime="20220722 19:45:16.765"/>
</kw>
<kw name="Execute Javascript" library="SeleniumLibrary">
<arg>window.open("${website}")</arg>
<doc>Executes the given JavaScript code with possible arguments.</doc>
<msg timestamp="20220722 19:45:16.765" level="INFO">Executing JavaScript:
window.open("http://www.adultfilmclassics.com/")
Without any arguments.</msg>
<status status="PASS" starttime="20220722 19:45:16.765" endtime="20220722 19:45:16.776"/>
</kw>
<status status="PASS" starttime="20220722 19:45:16.765" endtime="20220722 19:45:16.776"/>
</iter>
<status status="PASS" starttime="20220722 19:45:16.703" endtime="20220722 19:45:16.776"/>
</for>
<kw name="Evaluate" library="BuiltIn">
<var>${counter}</var>
<arg>${counter}+1</arg>
<doc>Evaluates the given expression in Python and returns the result.</doc>
<msg timestamp="20220722 19:45:16.776" level="INFO">${counter} = 1</msg>
<status status="PASS" starttime="20220722 19:45:16.776" endtime="20220722 19:45:16.776"/>
</kw>
<status status="PASS" starttime="20220722 19:45:16.701" endtime="20220722 19:45:16.776"/>
</iter>
<iter>
<var name="${user}">['ww31@nithin.com', 'Admin@123']</var>
<kw name="Evaluate" library="BuiltIn">
<var>${num_browser}</var>
<arg>${counter}+1</arg>
<doc>Evaluates the given expression in Python and returns the result.</doc>
<msg timestamp="20220722 19:45:16.776" level="INFO">${num_browser} = 2</msg>
<status status="PASS" starttime="20220722 19:45:16.776" endtime="20220722 19:45:16.776"/>
</kw>
<kw name="Switch Browser" library="SeleniumLibrary">
<arg>${num_browser}</arg>
<doc>Switches between active browsers using ``index_or_alias``.</doc>
<status status="PASS" starttime="20220722 19:45:16.776" endtime="20220722 19:45:16.776"/>
</kw>
<for flavor="IN">
<var>${website}</var>
<value>@{websites}</value>
<iter>
<var name="${website}">http://www.aibai.cn/</var>
<kw name="Log To Console" library="BuiltIn">
<arg>${website}</arg>
<doc>Logs the given message to the console.</doc>
<status status="PASS" starttime="20220722 19:45:16.776" endtime="20220722 19:45:16.777"/>
</kw>
<kw name="Execute Javascript" library="SeleniumLibrary">
<arg>window.open("${website}")</arg>
<doc>Executes the given JavaScript code with possible arguments.</doc>
<msg timestamp="20220722 19:45:16.777" level="INFO">Executing JavaScript:
window.open("http://www.aibai.cn/")
Without any arguments.</msg>
<status status="PASS" starttime="20220722 19:45:16.777" endtime="20220722 19:45:16.797"/>
</kw>
<status status="PASS" starttime="20220722 19:45:16.776" endtime="20220722 19:45:16.797"/>
</iter>
<iter>
<var name="${website}">http://www.beautyphoto.info/</var>
<kw name="Log To Console" library="BuiltIn">
<arg>${website}</arg>
<doc>Logs the given message to the console.</doc>
<status status="PASS" starttime="20220722 19:45:16.797" endtime="20220722 19:45:16.797"/>
</kw>
<kw name="Execute Javascript" library="SeleniumLibrary">
<arg>window.open("${website}")</arg>
<doc>Executes the given JavaScript code with possible arguments.</doc>
<msg timestamp="20220722 19:45:16.797" level="INFO">Executing JavaScript:
window.open("http://www.beautyphoto.info/")
Without any arguments.</msg>
<status status="PASS" starttime="20220722 19:45:16.797" endtime="20220722 19:45:16.810"/>
</kw>
<status status="PASS" starttime="20220722 19:45:16.797" endtime="20220722 19:45:16.810"/>
</iter>
<iter>
<var name="${website}">http://www.loveadvice.info/</var>
<kw name="Log To Console" library="BuiltIn">
<arg>${website}</arg>
<doc>Logs the given message to the console.</doc>
<status status="PASS" starttime="20220722 19:45:16.810" endtime="20220722 19:45:16.811"/>
</kw>
<kw name="Execute Javascript" library="SeleniumLibrary">
<arg>window.open("${website}")</arg>
<doc>Executes the given JavaScript code with possible arguments.</doc>
<msg timestamp="20220722 19:45:16.811" level="INFO">Executing JavaScript:
window.open("http://www.loveadvice.info/")
Without any arguments.</msg>
<status status="PASS" starttime="20220722 19:45:16.811" endtime="20220722 19:45:16.820"/>
</kw>
<status status="PASS" starttime="20220722 19:45:16.810" endtime="20220722 19:45:16.820"/>
</iter>
<iter>
<var name="${website}">http://www.adultfilmclassics.com/</var>
<kw name="Log To Console" library="BuiltIn">
<arg>${website}</arg>
<doc>Logs the given message to the console.</doc>
<status status="PASS" starttime="20220722 19:45:16.820" endtime="20220722 19:45:16.820"/>
</kw>
<kw name="Execute Javascript" library="SeleniumLibrary">
<arg>window.open("${website}")</arg>
<doc>Executes the given JavaScript code with possible arguments.</doc>
<msg timestamp="20220722 19:45:16.820" level="INFO">Executing JavaScript:
window.open("http://www.adultfilmclassics.com/")
Without any arguments.</msg>
<status status="PASS" starttime="20220722 19:45:16.820" endtime="20220722 19:45:16.829"/>
</kw>
<status status="PASS" starttime="20220722 19:45:16.820" endtime="20220722 19:45:16.829"/>
</iter>
<status status="PASS" starttime="20220722 19:45:16.776" endtime="20220722 19:45:16.829"/>
</for>
<kw name="Evaluate" library="BuiltIn">
<var>${counter}</var>
<arg>${counter}+1</arg>
<doc>Evaluates the given expression in Python and returns the result.</doc>
<msg timestamp="20220722 19:45:16.829" level="INFO">${counter} = 2</msg>
<status status="PASS" starttime="20220722 19:45:16.829" endtime="20220722 19:45:16.829"/>
</kw>
<status status="PASS" starttime="20220722 19:45:16.776" endtime="20220722 19:45:16.829"/>
</iter>
<iter>
<var name="${user}">['ww8@nithin.com', 'Admin@123']</var>
<kw name="Evaluate" library="BuiltIn">
<var>${num_browser}</var>
<arg>${counter}+1</arg>
<doc>Evaluates the given expression in Python and returns the result.</doc>
<msg timestamp="20220722 19:45:16.830" level="INFO">${num_browser} = 3</msg>
<status status="PASS" starttime="20220722 19:45:16.829" endtime="20220722 19:45:16.830"/>
</kw>
<kw name="Switch Browser" library="SeleniumLibrary">
<arg>${num_browser}</arg>
<doc>Switches between active browsers using ``index_or_alias``.</doc>
<status status="PASS" starttime="20220722 19:45:16.830" endtime="20220722 19:45:16.830"/>
</kw>
<for flavor="IN">
<var>${website}</var>
<value>@{websites}</value>
<iter>
<var name="${website}">http://www.aibai.cn/</var>
<kw name="Log To Console" library="BuiltIn">
<arg>${website}</arg>
<doc>Logs the given message to the console.</doc>
<status status="PASS" starttime="20220722 19:45:16.830" endtime="20220722 19:45:16.830"/>
</kw>
<kw name="Execute Javascript" library="SeleniumLibrary">
<arg>window.open("${website}")</arg>
<doc>Executes the given JavaScript code with possible arguments.</doc>
<msg timestamp="20220722 19:45:16.830" level="INFO">Executing JavaScript:
window.open("http://www.aibai.cn/")
Without any arguments.</msg>
<status status="PASS" starttime="20220722 19:45:16.830" endtime="20220722 19:45:16.848"/>
</kw>
<status status="PASS" starttime="20220722 19:45:16.830" endtime="20220722 19:45:16.848"/>
</iter>
<iter>
<var name="${website}">http://www.beautyphoto.info/</var>
<kw name="Log To Console" library="BuiltIn">
<arg>${website}</arg>
<doc>Logs the given message to the console.</doc>
<status status="PASS" starttime="20220722 19:45:16.848" endtime="20220722 19:45:16.848"/>
</kw>
<kw name="Execute Javascript" library="SeleniumLibrary">
<arg>window.open("${website}")</arg>
<doc>Executes the given JavaScript code with possible arguments.</doc>
<msg timestamp="20220722 19:45:16.848" level="INFO">Executing JavaScript:
window.open("http://www.beautyphoto.info/")
Without any arguments.</msg>
<status status="PASS" starttime="20220722 19:45:16.848" endtime="20220722 19:45:16.870"/>
</kw>
<status status="PASS" starttime="20220722 19:45:16.848" endtime="20220722 19:45:16.870"/>
</iter>
<iter>
<var name="${website}">http://www.loveadvice.info/</var>
<kw name="Log To Console" library="BuiltIn">
<arg>${website}</arg>
<doc>Logs the given message to the console.</doc>
<status status="PASS" starttime="20220722 19:45:16.870" endtime="20220722 19:45:16.870"/>
</kw>
<kw name="Execute Javascript" library="SeleniumLibrary">
<arg>window.open("${website}")</arg>
<doc>Executes the given JavaScript code with possible arguments.</doc>
<msg timestamp="20220722 19:45:16.871" level="INFO">Executing JavaScript:
window.open("http://www.loveadvice.info/")
Without any arguments.</msg>
<status status="PASS" starttime="20220722 19:45:16.870" endtime="20220722 19:45:16.880"/>
</kw>
<status status="PASS" starttime="20220722 19:45:16.870" endtime="20220722 19:45:16.880"/>
</iter>
<iter>
<var name="${website}">http://www.adultfilmclassics.com/</var>
<kw name="Log To Console" library="BuiltIn">
<arg>${website}</arg>
<doc>Logs the given message to the console.</doc>
<status status="PASS" starttime="20220722 19:45:16.880" endtime="20220722 19:45:16.880"/>
</kw>
<kw name="Execute Javascript" library="SeleniumLibrary">
<arg>window.open("${website}")</arg>
<doc>Executes the given JavaScript code with possible arguments.</doc>
<msg timestamp="20220722 19:45:16.881" level="INFO">Executing JavaScript:
window.open("http://www.adultfilmclassics.com/")
Without any arguments.</msg>
<status status="PASS" starttime="20220722 19:45:16.880" endtime="20220722 19:45:16.892"/>
</kw>
<status status="PASS" starttime="20220722 19:45:16.880" endtime="20220722 19:45:16.892"/>
</iter>
<status status="PASS" starttime="20220722 19:45:16.830" endtime="20220722 19:45:16.892"/>
</for>
<kw name="Evaluate" library="BuiltIn">
<var>${counter}</var>
<arg>${counter}+1</arg>
<doc>Evaluates the given expression in Python and returns the result.</doc>
<msg timestamp="20220722 19:45:16.892" level="INFO">${counter} = 3</msg>
<status status="PASS" starttime="20220722 19:45:16.892" endtime="20220722 19:45:16.892"/>
</kw>
<status status="PASS" starttime="20220722 19:45:16.829" endtime="20220722 19:45:16.892"/>
</iter>
<iter>
<var name="${user}">['nozcc@nithin.com', 'Admin@123']</var>
<kw name="Evaluate" library="BuiltIn">
<var>${num_browser}</var>
<arg>${counter}+1</arg>
<doc>Evaluates the given expression in Python and returns the result.</doc>
<msg timestamp="20220722 19:45:16.892" level="INFO">${num_browser} = 4</msg>
<status status="PASS" starttime="20220722 19:45:16.892" endtime="20220722 19:45:16.892"/>
</kw>
<kw name="Switch Browser" library="SeleniumLibrary">
<arg>${num_browser}</arg>
<doc>Switches between active browsers using ``index_or_alias``.</doc>
<status status="PASS" starttime="20220722 19:45:16.892" endtime="20220722 19:45:16.893"/>
</kw>
<for flavor="IN">
<var>${website}</var>
<value>@{websites}</value>
<iter>
<var name="${website}">http://www.aibai.cn/</var>
<kw name="Log To Console" library="BuiltIn">
<arg>${website}</arg>
<doc>Logs the given message to the console.</doc>
<status status="PASS" starttime="20220722 19:45:16.893" endtime="20220722 19:45:16.893"/>
</kw>
<kw name="Execute Javascript" library="SeleniumLibrary">
<arg>window.open("${website}")</arg>
<doc>Executes the given JavaScript code with possible arguments.</doc>
<msg timestamp="20220722 19:45:16.893" level="INFO">Executing JavaScript:
window.open("http://www.aibai.cn/")
Without any arguments.</msg>
<status status="PASS" starttime="20220722 19:45:16.893" endtime="20220722 19:45:16.918"/>
</kw>
<status status="PASS" starttime="20220722 19:45:16.893" endtime="20220722 19:45:16.918"/>
</iter>
<iter>
<var name="${website}">http://www.beautyphoto.info/</var>
<kw name="Log To Console" library="BuiltIn">
<arg>${website}</arg>
<doc>Logs the given message to the console.</doc>
<status status="PASS" starttime="20220722 19:45:16.918" endtime="20220722 19:45:16.918"/>
</kw>
<kw name="Execute Javascript" library="SeleniumLibrary">
<arg>window.open("${website}")</arg>
<doc>Executes the given JavaScript code with possible arguments.</doc>
<msg timestamp="20220722 19:45:16.919" level="INFO">Executing JavaScript:
window.open("http://www.beautyphoto.info/")
Without any arguments.</msg>
<status status="PASS" starttime="20220722 19:45:16.918" endtime="20220722 19:45:16.931"/>
</kw>
<status status="PASS" starttime="20220722 19:45:16.918" endtime="20220722 19:45:16.931"/>
</iter>
<iter>
<var name="${website}">http://www.loveadvice.info/</var>
<kw name="Log To Console" library="BuiltIn">
<arg>${website}</arg>
<doc>Logs the given message to the console.</doc>
<status status="PASS" starttime="20220722 19:45:16.931" endtime="20220722 19:45:16.931"/>
</kw>
<kw name="Execute Javascript" library="SeleniumLibrary">
<arg>window.open("${website}")</arg>
<doc>Executes the given JavaScript code with possible arguments.</doc>
<msg timestamp="20220722 19:45:16.932" level="INFO">Executing JavaScript:
window.open("http://www.loveadvice.info/")
Without any arguments.</msg>
<status status="PASS" starttime="20220722 19:45:16.932" endtime="20220722 19:45:16.942"/>
</kw>
<status status="PASS" starttime="20220722 19:45:16.931" endtime="20220722 19:45:16.942"/>
</iter>
<iter>
<var name="${website}">http://www.adultfilmclassics.com/</var>
<kw name="Log To Console" library="BuiltIn">
<arg>${website}</arg>
<doc>Logs the given message to the console.</doc>
<status status="PASS" starttime="20220722 19:45:16.943" endtime="20220722 19:45:16.943"/>
</kw>
<kw name="Execute Javascript" library="SeleniumLibrary">
<arg>window.open("${website}")</arg>
<doc>Executes the given JavaScript code with possible arguments.</doc>
<msg timestamp="20220722 19:45:16.943" level="INFO">Executing JavaScript:
window.open("http://www.adultfilmclassics.com/")
Without any arguments.</msg>
<status status="PASS" starttime="20220722 19:45:16.943" endtime="20220722 19:45:16.956"/>
</kw>
<status status="PASS" starttime="20220722 19:45:16.942" endtime="20220722 19:45:16.956"/>
</iter>
<status status="PASS" starttime="20220722 19:45:16.893" endtime="20220722 19:45:16.956"/>
</for>
<kw name="Evaluate" library="BuiltIn">
<var>${counter}</var>
<arg>${counter}+1</arg>
<doc>Evaluates the given expression in Python and returns the result.</doc>
<msg timestamp="20220722 19:45:16.957" level="INFO">${counter} = 4</msg>
<status status="PASS" starttime="20220722 19:45:16.956" endtime="20220722 19:45:16.957"/>
</kw>
<status status="PASS" starttime="20220722 19:45:16.892" endtime="20220722 19:45:16.957"/>
</iter>
<iter>
<var name="${user}">['ww18@nithin.com', 'Admin@123']</var>
<kw name="Evaluate" library="BuiltIn">
<var>${num_browser}</var>
<arg>${counter}+1</arg>
<doc>Evaluates the given expression in Python and returns the result.</doc>
<msg timestamp="20220722 19:45:16.957" level="INFO">${num_browser} = 5</msg>
<status status="PASS" starttime="20220722 19:45:16.957" endtime="20220722 19:45:16.957"/>
</kw>
<kw name="Switch Browser" library="SeleniumLibrary">
<arg>${num_browser}</arg>
<doc>Switches between active browsers using ``index_or_alias``.</doc>
<status status="PASS" starttime="20220722 19:45:16.957" endtime="20220722 19:45:16.957"/>
</kw>
<for flavor="IN">
<var>${website}</var>
<value>@{websites}</value>
<iter>
<var name="${website}">http://www.aibai.cn/</var>
<kw name="Log To Console" library="BuiltIn">
<arg>${website}</arg>
<doc>Logs the given message to the console.</doc>
<status status="PASS" starttime="20220722 19:45:16.957" endtime="20220722 19:45:16.957"/>
</kw>
<kw name="Execute Javascript" library="SeleniumLibrary">
<arg>window.open("${website}")</arg>
<doc>Executes the given JavaScript code with possible arguments.</doc>
<msg timestamp="20220722 19:45:16.958" level="INFO">Executing JavaScript:
window.open("http://www.aibai.cn/")
Without any arguments.</msg>
<status status="PASS" starttime="20220722 19:45:16.957" endtime="20220722 19:45:16.984"/>
</kw>
<status status="PASS" starttime="20220722 19:45:16.957" endtime="20220722 19:45:16.984"/>
</iter>
<iter>
<var name="${website}">http://www.beautyphoto.info/</var>
<kw name="Log To Console" library="BuiltIn">
<arg>${website}</arg>
<doc>Logs the given message to the console.</doc>
<status status="PASS" starttime="20220722 19:45:16.985" endtime="20220722 19:45:16.985"/>
</kw>
<kw name="Execute Javascript" library="SeleniumLibrary">
<arg>window.open("${website}")</arg>
<doc>Executes the given JavaScript code with possible arguments.</doc>
<msg timestamp="20220722 19:45:16.985" level="INFO">Executing JavaScript:
window.open("http://www.beautyphoto.info/")
Without any arguments.</msg>
<status status="PASS" starttime="20220722 19:45:16.985" endtime="20220722 19:45:17.000"/>
</kw>
<status status="PASS" starttime="20220722 19:45:16.985" endtime="20220722 19:45:17.000"/>
</iter>
<iter>
<var name="${website}">http://www.loveadvice.info/</var>
<kw name="Log To Console" library="BuiltIn">
<arg>${website}</arg>
<doc>Logs the given message to the console.</doc>
<status status="PASS" starttime="20220722 19:45:17.000" endtime="20220722 19:45:17.001"/>
</kw>
<kw name="Execute Javascript" library="SeleniumLibrary">
<arg>window.open("${website}")</arg>
<doc>Executes the given JavaScript code with possible arguments.</doc>
<msg timestamp="20220722 19:45:17.001" level="INFO">Executing JavaScript:
window.open("http://www.loveadvice.info/")
Without any arguments.</msg>
<status status="PASS" starttime="20220722 19:45:17.001" endtime="20220722 19:45:17.021"/>
</kw>
<status status="PASS" starttime="20220722 19:45:17.000" endtime="20220722 19:45:17.021"/>
</iter>
<iter>
<var name="${website}">http://www.adultfilmclassics.com/</var>
<kw name="Log To Console" library="BuiltIn">
<arg>${website}</arg>
<doc>Logs the given message to the console.</doc>
<status status="PASS" starttime="20220722 19:45:17.022" endtime="20220722 19:45:17.022"/>
</kw>
<kw name="Execute Javascript" library="SeleniumLibrary">
<arg>window.open("${website}")</arg>
<doc>Executes the given JavaScript code with possible arguments.</doc>
<msg timestamp="20220722 19:45:17.023" level="INFO">Executing JavaScript:
window.open("http://www.adultfilmclassics.com/")
Without any arguments.</msg>
<status status="PASS" starttime="20220722 19:45:17.023" endtime="20220722 19:45:17.064"/>
</kw>
<status status="PASS" starttime="20220722 19:45:17.021" endtime="20220722 19:45:17.064"/>
</iter>
<status status="PASS" starttime="20220722 19:45:16.957" endtime="20220722 19:45:17.064"/>
</for>
<kw name="Evaluate" library="BuiltIn">
<var>${counter}</var>
<arg>${counter}+1</arg>
<doc>Evaluates the given expression in Python and returns the result.</doc>
<msg timestamp="20220722 19:45:17.065" level="INFO">${counter} = 5</msg>
<status status="PASS" starttime="20220722 19:45:17.064" endtime="20220722 19:45:17.065"/>
</kw>
<status status="PASS" starttime="20220722 19:45:16.957" endtime="20220722 19:45:17.065"/>
</iter>
<iter>
<var name="${user}">['tttt@nithin.com', 'Admin@123']</var>
<kw name="Evaluate" library="BuiltIn">
<var>${num_browser}</var>
<arg>${counter}+1</arg>
<doc>Evaluates the given expression in Python and returns the result.</doc>
<msg timestamp="20220722 19:45:17.065" level="INFO">${num_browser} = 6</msg>
<status status="PASS" starttime="20220722 19:45:17.065" endtime="20220722 19:45:17.065"/>
</kw>
<kw name="Switch Browser" library="SeleniumLibrary">
<arg>${num_browser}</arg>
<doc>Switches between active browsers using ``index_or_alias``.</doc>
<status status="PASS" starttime="20220722 19:45:17.065" endtime="20220722 19:45:17.065"/>
</kw>
<for flavor="IN">
<var>${website}</var>
<value>@{websites}</value>
<iter>
<var name="${website}">http://www.aibai.cn/</var>
<kw name="Log To Console" library="BuiltIn">
<arg>${website}</arg>
<doc>Logs the given message to the console.</doc>
<status status="PASS" starttime="20220722 19:45:17.065" endtime="20220722 19:45:17.065"/>
</kw>
<kw name="Execute Javascript" library="SeleniumLibrary">
<arg>window.open("${website}")</arg>
<doc>Executes the given JavaScript code with possible arguments.</doc>
<msg timestamp="20220722 19:45:17.065" level="INFO">Executing JavaScript:
window.open("http://www.aibai.cn/")
Without any arguments.</msg>
<status status="PASS" starttime="20220722 19:45:17.065" endtime="20220722 19:45:17.089"/>
</kw>
<status status="PASS" starttime="20220722 19:45:17.065" endtime="20220722 19:45:17.089"/>
</iter>
<iter>
<var name="${website}">http://www.beautyphoto.info/</var>
<kw name="Log To Console" library="BuiltIn">
<arg>${website}</arg>
<doc>Logs the given message to the console.</doc>
<status status="PASS" starttime="20220722 19:45:17.090" endtime="20220722 19:45:17.090"/>
</kw>
<kw name="Execute Javascript" library="SeleniumLibrary">
<arg>window.open("${website}")</arg>
<doc>Executes the given JavaScript code with possible arguments.</doc>
<msg timestamp="20220722 19:45:17.090" level="INFO">Executing JavaScript:
window.open("http://www.beautyphoto.info/")
Without any arguments.</msg>
<status status="PASS" starttime="20220722 19:45:17.090" endtime="20220722 19:45:17.101"/>
</kw>
<status status="PASS" starttime="20220722 19:45:17.089" endtime="20220722 19:45:17.101"/>
</iter>
<iter>
<var name="${website}">http://www.loveadvice.info/</var>
<kw name="Log To Console" library="BuiltIn">
<arg>${website}</arg>
<doc>Logs the given message to the console.</doc>
<status status="PASS" starttime="20220722 19:45:17.101" endtime="20220722 19:45:17.102"/>
</kw>
<kw name="Execute Javascript" library="SeleniumLibrary">
<arg>window.open("${website}")</arg>
<doc>Executes the given JavaScript code with possible arguments.</doc>
<msg timestamp="20220722 19:45:17.102" level="INFO">Executing JavaScript:
window.open("http://www.loveadvice.info/")
Without any arguments.</msg>
<status status="PASS" starttime="20220722 19:45:17.102" endtime="20220722 19:45:17.112"/>
</kw>
<status status="PASS" starttime="20220722 19:45:17.101" endtime="20220722 19:45:17.112"/>
</iter>
<iter>
<var name="${website}">http://www.adultfilmclassics.com/</var>
<kw name="Log To Console" library="BuiltIn">
<arg>${website}</arg>
<doc>Logs the given message to the console.</doc>
<status status="PASS" starttime="20220722 19:45:17.112" endtime="20220722 19:45:17.113"/>
</kw>
<kw name="Execute Javascript" library="SeleniumLibrary">
<arg>window.open("${website}")</arg>
[...]
<status status="PASS" starttime="20220722 19:45:28.150" endtime="20220722 19:45:28.150"/>
</kw>
<kw name="Create Dictionary" library="BuiltIn">
<var>${proxy}</var>
<arg>proxyType=MANUAL</arg>
<arg>sslProxy=${ip_port}</arg>
<arg>httpProxy=${ip_port}</arg>
<doc>Creates and returns a dictionary based on the given ``items``.</doc>
<msg timestamp="20220722 19:45:28.150" level="INFO">${proxy} = {'proxyType': 'MANUAL', 'sslProxy': '10.66.103.62:50000', 'httpProxy': '10.66.103.62:50000'}</msg>
<status status="PASS" starttime="20220722 19:45:28.150" endtime="20220722 19:45:28.150"/>
</kw>
<kw name="Set To Dictionary" library="Collections">
<arg>${caps}</arg>
<arg>proxy=${proxy}</arg>
<doc>Adds the given ``key_value_pairs`` and ``items`` to the ``dictionary``.</doc>
<status status="PASS" starttime="20220722 19:45:28.151" endtime="20220722 19:45:28.151"/>
</kw>
<kw name="Open Browser" library="SeleniumLibrary">
<arg>https://ip.zscaler.com</arg>
<arg>browser=Chrome</arg>
<arg>desired_capabilities=${caps}</arg>
<arg>options=add_argument("--ignore-certificate-errors")</arg>
<doc>Opens a new browser instance to the optional ``url``.</doc>
<msg timestamp="20220722 19:45:28.151" level="INFO">Opening browser 'Chrome' to base url 'https://ip.zscaler.com'.</msg>
<status status="PASS" starttime="20220722 19:45:28.151" endtime="20220722 19:45:33.469"/>
</kw>
<kw name="Maximize Browser Window" library="SeleniumLibrary">
<doc>Maximizes current browser window.</doc>
<status status="PASS" starttime="20220722 19:45:33.470" endtime="20220722 19:45:33.588"/>
</kw>
<kw name="Input Text" library="SeleniumLibrary">
<arg>xpath://*[@id="username_input"]</arg>
<arg>${user}[0]</arg>
<doc>Types the given ``text`` into the text field identified by ``locator``.</doc>
<msg timestamp="20220722 19:45:33.589" level="INFO">Typing text 'ww25@nithin.com' into text field 'xpath://*[@id="username_input"]'.</msg>
<status status="PASS" starttime="20220722 19:45:33.589" endtime="20220722 19:45:33.640"/>
</kw>
<kw name="Click Element" library="SeleniumLibrary">
<arg>xpath:/html/body/div/div/div/form/table[2]/tbody/tr/td/table[1]/tbody/tr[5]/td/table/tbody/tr/td[1]/input</arg>
<doc>Click the element identified by ``locator``.</doc>
<msg timestamp="20220722 19:45:33.640" level="INFO">Clicking element 'xpath:/html/body/div/div/div/form/table[2]/tbody/tr/td/table[1]/tbody/tr[5]/td/table/tbody/tr/td[1]/input'.</msg>
<status status="PASS" starttime="20220722 19:45:33.640" endtime="20220722 19:45:35.722"/>
</kw>
<kw name="Input Text" library="SeleniumLibrary">
<arg>xpath:/html/body/div/div/form/table[2]/tbody/tr/td/table[1]/tbody/tr[2]/td/table/tbody/tr[1]/td/div[2]/table[2]/tbody/tr/td/div/input</arg>
<arg>${user}[1]</arg>
<doc>Types the given ``text`` into the text field identified by ``locator``.</doc>
<msg timestamp="20220722 19:45:35.722" level="INFO">Typing text 'Admin@123' into text field 'xpath:/html/body/div/div/form/table[2]/tbody/tr/td/table[1]/tbody/tr[2]/td/table/tbody/tr[1]/td/div[2]/table[2]/tbody/tr/td/div/input'.</msg>
<status status="PASS" starttime="20220722 19:45:35.722" endtime="20220722 19:45:35.763"/>
</kw>
<kw name="Click Element" library="SeleniumLibrary">
<arg>xpath:/html/body/div/div/form/table[2]/tbody/tr/td/table[1]/tbody/tr[3]/td/input</arg>
<doc>Click the element identified by ``locator``.</doc>
<msg timestamp="20220722 19:45:35.763" level="INFO">Clicking element 'xpath:/html/body/div/div/form/table[2]/tbody/tr/td/table[1]/tbody/tr[3]/td/input'.</msg>
<status status="PASS" starttime="20220722 19:45:35.763" endtime="20220722 19:45:43.579"/>
</kw>
<kw name="Sleep" library="BuiltIn">
<arg>2</arg>
<doc>Pauses the test executed for the given time.</doc>
<msg timestamp="20220722 19:45:45.582" level="INFO">Slept 2 seconds</msg>
<status status="PASS" starttime="20220722 19:45:43.579" endtime="20220722 19:45:45.582"/>
</kw>
<kw name="Evaluate" library="BuiltIn">
<var>${from}</var>
<arg>${counter}*${per_user}</arg>
<doc>Evaluates the given expression in Python and returns the result.</doc>
<msg timestamp="20220722 19:45:45.584" level="INFO">${from} = 0</msg>
<status status="PASS" starttime="20220722 19:45:45.583" endtime="20220722 19:45:45.584"/>
</kw>
<kw name="Evaluate" library="BuiltIn">
<var>${to}</var>
<arg>${counter}*${per_user}+${per_user}</arg>
<doc>Evaluates the given expression in Python and returns the result.</doc>
<msg timestamp="20220722 19:45:45.586" level="INFO">${to} = 0</msg>
<status status="PASS" starttime="20220722 19:45:45.585" endtime="20220722 19:45:45.586"/>
</kw>
<status status="PASS" starttime="20220722 19:45:28.150" endtime="20220722 19:45:45.586"/>
</iter>
<iter>
<var name="${user}">['ww29@nithin.com', 'Admin@123']</var>
<kw name="Log To Console" library="BuiltIn">
<arg>${user}</arg>
<doc>Logs the given message to the console.</doc>
<status status="PASS" starttime="20220722 19:45:45.586" endtime="20220722 19:45:45.587"/>
</kw>
<kw name="Evaluate" library="BuiltIn">
<var>${caps}</var>
<arg>sys.modules['selenium.webdriver'].DesiredCapabilities.CHROME</arg>
<arg>sys, selenium.webdriver</arg>
<doc>Evaluates the given expression in Python and returns the result.</doc>
<msg timestamp="20220722 19:45:45.587" level="INFO">${caps} = {'browserName': 'chrome', 'proxy': {'proxyType': 'MANUAL', 'sslProxy': '10.66.103.62:50000', 'httpProxy': '10.66.103.62:50000'}}</msg>
<status status="PASS" starttime="20220722 19:45:45.587" endtime="20220722 19:45:45.587"/>
</kw>
<kw name="Create Dictionary" library="BuiltIn">
<var>${proxy}</var>
<arg>proxyType=MANUAL</arg>
<arg>sslProxy=${ip_port}</arg>
<arg>httpProxy=${ip_port}</arg>
<doc>Creates and returns a dictionary based on the given ``items``.</doc>
<msg timestamp="20220722 19:45:45.588" level="INFO">${proxy} = {'proxyType': 'MANUAL', 'sslProxy': '10.66.103.62:50000', 'httpProxy': '10.66.103.62:50000'}</msg>
<status status="PASS" starttime="20220722 19:45:45.588" endtime="20220722 19:45:45.588"/>
</kw>
<kw name="Set To Dictionary" library="Collections">
<arg>${caps}</arg>
<arg>proxy=${proxy}</arg>
<doc>Adds the given ``key_value_pairs`` and ``items`` to the ``dictionary``.</doc>
<status status="PASS" starttime="20220722 19:45:45.588" endtime="20220722 19:45:45.589"/>
</kw>
<kw name="Open Browser" library="SeleniumLibrary">
<arg>https://ip.zscaler.com</arg>
<arg>browser=Chrome</arg>
<arg>desired_capabilities=${caps}</arg>
<arg>options=add_argument("--ignore-certificate-errors")</arg>
<doc>Opens a new browser instance to the optional ``url``.</doc>
<msg timestamp="20220722 19:45:45.589" level="INFO">Opening browser 'Chrome' to base url 'https://ip.zscaler.com'.</msg>
<msg timestamp="20220722 19:45:48.761" level="WARN">Keyword 'Capture Page Screenshot' could not be run on failure: Message: no such window: window was already closed
  (Session info: chrome=103.0.5060.134)
Stacktrace:
0   chromedriver                        0x0000000104755170 chromedriver + 4477296
1   chromedriver                        0x00000001046ecc18 chromedriver + 4049944
2   chromedriver                        0x000000010433ed40 chromedriver + 191808
3   chromedriver                        0x000000010432f7d8 chromedriver + 128984
4   chromedriver                        0x0000000104329e34 chromedriver + 106036
5   chromedriver                        0x0000000104396078 chromedriver + 548984
6   chromedriver                        0x0000000104362f58 chromedriver + 339800
7   chromedriver                        0x000000010472abd4 chromedriver + 4303828
8   chromedriver                        0x000000010472f094 chromedriver + 4321428
9   chromedriver                        0x0000000104733600 chromedriver + 4339200
10  chromedriver                        0x000000010472faf4 chromedriver + 4324084
11  chromedriver                        0x000000010470e52c chromedriver + 4187436
12  chromedriver                        0x0000000104747488 chromedriver + 4420744
13  chromedriver                        0x00000001047475ec chromedriver + 4421100
14  chromedriver                        0x000000010475b92c chromedriver + 4503852
15  libsystem_pthread.dylib             0x000000019792026c _pthread_start + 148
16  libsystem_pthread.dylib             0x000000019791b08c thread_start + 8
</msg>
<msg timestamp="20220722 19:45:48.762" level="FAIL">WebDriverException: Message: unknown error: cannot determine loading status
from unknown error: cannot determine loading status
from disconnected: received Inspector.detached event
  (Session info: chrome=103.0.5060.134)
Stacktrace:
0   chromedriver                        0x0000000104755170 chromedriver + 4477296
1   chromedriver                        0x00000001046ecc18 chromedriver + 4049944
2   chromedriver                        0x000000010433ed40 chromedriver + 191808
3   chromedriver                        0x000000010432c5e8 chromedriver + 116200
4   chromedriver                        0x000000010432c120 chromedriver + 114976
5   chromedriver                        0x000000010432b790 chromedriver + 112528
6   chromedriver                        0x000000010432a89c chromedriver + 108700
7   chromedriver                        0x000000010432ad38 chromedriver + 109880
8   chromedriver                        0x0000000104339410 chromedriver + 168976
9   chromedriver                        0x000000010432beec chromedriver + 114412
10  chromedriver                        0x000000010432cb60 chromedriver + 117600
11  chromedriver                        0x000000010432c13c chromedriver + 115004
12  chromedriver                        0x000000010432b790 chromedriver + 112528
13  chromedriver                        0x000000010432a89c chromedriver + 108700
14  chromedriver                        0x000000010432ad38 chromedriver + 109880
15  chromedriver                        0x0000000104337fc0 chromedriver + 163776
16  chromedriver                        0x0000000104396a34 chromedriver + 551476
17  chromedriver                        0x0000000104362f58 chromedriver + 339800
18  chromedriver                        0x000000010472abd4 chromedriver + 4303828
19  chromedriver                        0x000000010472f094 chromedriver + 4321428
20  chromedriver                        0x0000000104733600 chromedriver + 4339200
21  chromedriver                        0x000000010472faf4 chromedriver + 4324084
22  chromedriver                        0x000000010470e52c chromedriver + 4187436
23  chromedriver                        0x0000000104747488 chromedriver + 4420744
24  chromedriver                        0x00000001047475ec chromedriver + 4421100
25  chromedriver                        0x000000010475b92c chromedriver + 4503852
26  libsystem_pthread.dylib             0x000000019792026c _pthread_start + 148
27  libsystem_pthread.dylib             0x000000019791b08c thread_start + 8
</msg>
<status status="FAIL" starttime="20220722 19:45:45.589" endtime="20220722 19:45:48.766"/>
</kw>
<kw name="Maximize Browser Window" library="SeleniumLibrary">
<doc>Maximizes current browser window.</doc>
<status status="NOT RUN" starttime="20220722 19:45:48.766" endtime="20220722 19:45:48.766"/>
</kw>
<kw name="Input Text" library="SeleniumLibrary">
<arg>xpath://*[@id="username_input"]</arg>
<arg>${user}[0]</arg>
<doc>Types the given ``text`` into the text field identified by ``locator``.</doc>
<status status="NOT RUN" starttime="20220722 19:45:48.766" endtime="20220722 19:45:48.766"/>
</kw>
<kw name="Click Element" library="SeleniumLibrary">
<arg>xpath:/html/body/div/div/div/form/table[2]/tbody/tr/td/table[1]/tbody/tr[5]/td/table/tbody/tr/td[1]/input</arg>
<doc>Click the element identified by ``locator``.</doc>
<status status="NOT RUN" starttime="20220722 19:45:48.766" endtime="20220722 19:45:48.766"/>
</kw>
<kw name="Input Text" library="SeleniumLibrary">
<arg>xpath:/html/body/div/div/form/table[2]/tbody/tr/td/table[1]/tbody/tr[2]/td/table/tbody/tr[1]/td/div[2]/table[2]/tbody/tr/td/div/input</arg>
<arg>${user}[1]</arg>
<doc>Types the given ``text`` into the text field identified by ``locator``.</doc>
<status status="NOT RUN" starttime="20220722 19:45:48.766" endtime="20220722 19:45:48.766"/>
</kw>
<kw name="Click Element" library="SeleniumLibrary">
<arg>xpath:/html/body/div/div/form/table[2]/tbody/tr/td/table[1]/tbody/tr[3]/td/input</arg>
<doc>Click the element identified by ``locator``.</doc>
<status status="NOT RUN" starttime="20220722 19:45:48.766" endtime="20220722 19:45:48.767"/>
</kw>
<kw name="Sleep" library="BuiltIn">
<arg>2</arg>
<doc>Pauses the test executed for the given time.</doc>
<status status="NOT RUN" starttime="20220722 19:45:48.767" endtime="20220722 19:45:48.767"/>
</kw>
<kw name="Evaluate" library="BuiltIn">
<var>${from}</var>
<arg>${counter}*${per_user}</arg>
<doc>Evaluates the given expression in Python and returns the result.</doc>
<status status="NOT RUN" starttime="20220722 19:45:48.767" endtime="20220722 19:45:48.767"/>
</kw>
<kw name="Evaluate" library="BuiltIn">
<var>${to}</var>
<arg>${counter}*${per_user}+${per_user}</arg>
<doc>Evaluates the given expression in Python and returns the result.</doc>
<status status="NOT RUN" starttime="20220722 19:45:48.767" endtime="20220722 19:45:48.767"/>
</kw>
<status status="FAIL" starttime="20220722 19:45:45.586" endtime="20220722 19:45:48.767"/>
</iter>
<status status="FAIL" starttime="20220722 19:45:28.150" endtime="20220722 19:45:48.767"/>
</for>
<for flavor="IN">
<var>${user}</var>
<value>@{users}[${f}:${t}]</value>
<iter>
<var name="${user}"/>
<kw name="Evaluate" library="BuiltIn">
<var>${num_browser}</var>
<arg>${counter}+1</arg>
<doc>Evaluates the given expression in Python and returns the result.</doc>
<status status="NOT RUN" starttime="20220722 19:45:48.779" endtime="20220722 19:45:48.779"/>
</kw>
<kw name="Switch Browser" library="SeleniumLibrary">
<arg>${num_browser}</arg>
<doc>Switches between active browsers using ``index_or_alias``.</doc>
<status status="NOT RUN" starttime="20220722 19:45:48.779" endtime="20220722 19:45:48.779"/>
</kw>
<for flavor="IN">
<var>${website}</var>
<value>@{websites}</value>
<iter>
<var name="${website}"/>
<kw name="Log To Console" library="BuiltIn">
<arg>${website}</arg>
<doc>Logs the given message to the console.</doc>
<status status="NOT RUN" starttime="20220722 19:45:48.779" endtime="20220722 19:45:48.779"/>
</kw>
<kw name="Execute Javascript" library="SeleniumLibrary">
<arg>window.open("${website}")</arg>
<doc>Executes the given JavaScript code with possible arguments.</doc>
<status status="NOT RUN" starttime="20220722 19:45:48.779" endtime="20220722 19:45:48.779"/>
</kw>
<status status="NOT RUN" starttime="20220722 19:45:48.779" endtime="20220722 19:45:48.779"/>
</iter>
<status status="NOT RUN" starttime="20220722 19:45:48.779" endtime="20220722 19:45:48.779"/>
</for>
<kw name="Evaluate" library="BuiltIn">
<var>${counter}</var>
<arg>${counter}+1</arg>
<doc>Evaluates the given expression in Python and returns the result.</doc>
<status status="NOT RUN" starttime="20220722 19:45:48.779" endtime="20220722 19:45:48.779"/>
</kw>
<status status="NOT RUN" starttime="20220722 19:45:48.778" endtime="20220722 19:45:48.779"/>
</iter>
<status status="NOT RUN" starttime="20220722 19:45:48.768" endtime="20220722 19:45:48.779"/>
</for>
<kw name="Evaluate" library="BuiltIn">
<var>${counter}</var>
<arg>0</arg>
<doc>Evaluates the given expression in Python and returns the result.</doc>
<status status="NOT RUN" starttime="20220722 19:45:48.779" endtime="20220722 19:45:48.779"/>
</kw>
<kw name="Sleep" library="BuiltIn">
<arg>10</arg>
<doc>Pauses the test executed for the given time.</doc>
<status status="NOT RUN" starttime="20220722 19:45:48.779" endtime="20220722 19:45:48.779"/>
</kw>
<kw name="Close All Browsers" library="SeleniumLibrary">
<doc>Closes all open browsers and resets the browser cache.</doc>
<status status="NOT RUN" starttime="20220722 19:45:48.779" endtime="20220722 19:45:48.779"/>
</kw>
<status status="FAIL" starttime="20220722 19:45:28.149" endtime="20220722 19:45:48.779"/>
</iter>
<status status="FAIL" starttime="20220722 19:41:41.162" endtime="20220722 19:45:48.780"/>
</for>
<status status="FAIL" starttime="20220722 19:41:41.160" endtime="20220722 19:45:48.780">WebDriverException: Message: unknown error: cannot determine loading status
from unknown error: cannot determine loading status
from disconnected: received Inspector.detached event
  (Session info: chrome=103.0.5060.134)
Stacktrace:
0   chromedriver                        0x0000000104755170 chromedriver + 4477296
1   chromedriver                        0x00000001046ecc18 chromedriver + 4049944
2   chromedriver                        0x000000010433ed40 chromedriver + 191808
3   chromedriver                        0x000000010432c5e8 chromedriver + 116200
4   chromedriver                        0x000000010432c120 chromedriver + 114976
5   chromedriver                        0x000000010432b790 chromedriver + 112528
6   chromedriver                        0x000000010432a89c chromedriver + 108700
7   chromedriver                        0x000000010432ad38 chromedriver + 1...
    [ Message content over the limit has been removed. ]
...hromedriver                        0x0000000104362f58 chromedriver + 339800
18  chromedriver                        0x000000010472abd4 chromedriver + 4303828
19  chromedriver                        0x000000010472f094 chromedriver + 4321428
20  chromedriver                        0x0000000104733600 chromedriver + 4339200
21  chromedriver                        0x000000010472faf4 chromedriver + 4324084
22  chromedriver                        0x000000010470e52c chromedriver + 4187436
23  chromedriver                        0x0000000104747488 chromedriver + 4420744
24  chromedriver                        0x00000001047475ec chromedriver + 4421100
25  chromedriver                        0x000000010475b92c chromedriver + 4503852
26  libsystem_pthread.dylib             0x000000019792026c _pthread_start + 148
27  libsystem_pthread.dylib             0x000000019791b08c thread_start + 8</status>
</test>
<status status="FAIL" starttime="20220722 19:41:40.548" endtime="20220722 19:45:48.799"/>
</suite>
<statistics>
<total>
<stat pass="0" fail="1" skip="0">All Tests</stat>
</total>
<tag>
</tag>
<suite>
<stat pass="0" fail="1" skip="0" id="s1" name="TC16">TC16</stat>
</suite>
</statistics>
<errors>
<msg timestamp="20220722 19:45:48.761" level="WARN">Keyword 'Capture Page Screenshot' could not be run on failure: Message: no such window: window was already closed
  (Session info: chrome=103.0.5060.134)
Stacktrace:
0   chromedriver                        0x0000000104755170 chromedriver + 4477296
1   chromedriver                        0x00000001046ecc18 chromedriver + 4049944
2   chromedriver                        0x000000010433ed40 chromedriver + 191808
3   chromedriver                        0x000000010432f7d8 chromedriver + 128984
4   chromedriver                        0x0000000104329e34 chromedriver + 106036
5   chromedriver                        0x0000000104396078 chromedriver + 548984
6   chromedriver                        0x0000000104362f58 chromedriver + 339800
7   chromedriver                        0x000000010472abd4 chromedriver + 4303828
8   chromedriver                        0x000000010472f094 chromedriver + 4321428
9   chromedriver                        0x0000000104733600 chromedriver + 4339200
10  chromedriver                        0x000000010472faf4 chromedriver + 4324084
11  chromedriver                        0x000000010470e52c chromedriver + 4187436
12  chromedriver                        0x0000000104747488 chromedriver + 4420744
13  chromedriver                        0x00000001047475ec chromedriver + 4421100
14  chromedriver                        0x000000010475b92c chromedriver + 4503852
15  libsystem_pthread.dylib             0x000000019792026c _pthread_start + 148
16  libsystem_pthread.dylib             0x000000019791b08c thread_start + 8
</msg>
</errors>
</robot>
